[2024-12-03 13:02:24] local.ERROR: file_put_contents(/home1/demo4axiz/public_html/Oronnomart/storage/framework/cache/data/88/2a/882a8652501eff29a7cb268217a12644514aa19a): Failed to open stream: No such file or directory {"view":{"view":"/home1/demo4axiz/public_html/Oronnomart/resources/views/frontend/classic/partials/featured_products_section.blade.php","data":[]},"userId":9,"exception":"[object] (Spatie\\LaravelIgnition\\Exceptions\\ViewException(code: 0): file_put_contents(/home1/demo4axiz/public_html/Oronnomart/storage/framework/cache/data/88/2a/882a8652501eff29a7cb268217a12644514aa19a): Failed to open stream: No such file or directory at /home1/demo4axiz/public_html/Oronnomart/vendor/laravel/framework/src/Illuminate/Filesystem/Filesystem.php:190)
[stacktrace]
#0 /home1/demo4axiz/public_html/Oronnomart/vendor/laravel/framework/src/Illuminate/Foundation/Bootstrap/HandleExceptions.php(270): Illuminate\\Foundation\\Bootstrap\\HandleExceptions->handleError()
#1 [internal function]: Illuminate\\Foundation\\Bootstrap\\HandleExceptions->Illuminate\\Foundation\\Bootstrap\\{closure}()
#2 /home1/demo4axiz/public_html/Oronnomart/vendor/laravel/framework/src/Illuminate/Filesystem/Filesystem.php(190): file_put_contents()
#3 /home1/demo4axiz/public_html/Oronnomart/vendor/laravel/framework/src/Illuminate/Cache/FileStore.php(77): Illuminate\\Filesystem\\Filesystem->put()
#4 /home1/demo4axiz/public_html/Oronnomart/vendor/laravel/framework/src/Illuminate/Cache/FileStore.php(200): Illuminate\\Cache\\FileStore->put()
#5 /home1/demo4axiz/public_html/Oronnomart/vendor/laravel/framework/src/Illuminate/Cache/Repository.php(367): Illuminate\\Cache\\FileStore->forever()
#6 /home1/demo4axiz/public_html/Oronnomart/vendor/laravel/framework/src/Illuminate/Cache/Repository.php(438): Illuminate\\Cache\\Repository->forever()
#7 /home1/demo4axiz/public_html/Oronnomart/vendor/laravel/framework/src/Illuminate/Cache/CacheManager.php(408): Illuminate\\Cache\\Repository->rememberForever()
#8 /home1/demo4axiz/public_html/Oronnomart/vendor/laravel/framework/src/Illuminate/Support/Facades/Facade.php(338): Illuminate\\Cache\\CacheManager->__call()
#9 /home1/demo4axiz/public_html/Oronnomart/app/Http/Helpers.php(165): Illuminate\\Support\\Facades\\Facade::__callStatic()
#10 /home1/demo4axiz/public_html/Oronnomart/app/Http/Helpers.php(137): verified_sellers_id()
#11 /home1/demo4axiz/public_html/Oronnomart/app/Http/Helpers.php(1747): filter_products()
#12 /home1/demo4axiz/public_html/Oronnomart/vendor/laravel/framework/src/Illuminate/Cache/Repository.php(397): {closure}()
#13 /home1/demo4axiz/public_html/Oronnomart/vendor/laravel/framework/src/Illuminate/Cache/CacheManager.php(408): Illuminate\\Cache\\Repository->remember()
#14 /home1/demo4axiz/public_html/Oronnomart/vendor/laravel/framework/src/Illuminate/Support/Facades/Facade.php(338): Illuminate\\Cache\\CacheManager->__call()
#15 /home1/demo4axiz/public_html/Oronnomart/app/Http/Helpers.php(1748): Illuminate\\Support\\Facades\\Facade::__callStatic()
#16 /home1/demo4axiz/public_html/Oronnomart/resources/views/frontend/classic/partials/featured_products_section.blade.php(1): get_featured_products()
#17 /home1/demo4axiz/public_html/Oronnomart/vendor/laravel/framework/src/Illuminate/Filesystem/Filesystem.php(109): require('/home1/demo4axi...')
#18 /home1/demo4axiz/public_html/Oronnomart/vendor/laravel/framework/src/Illuminate/Filesystem/Filesystem.php(110): Illuminate\\Filesystem\\Filesystem::Illuminate\\Filesystem\\{closure}()
#19 /home1/demo4axiz/public_html/Oronnomart/vendor/laravel/framework/src/Illuminate/View/Engines/PhpEngine.php(58): Illuminate\\Filesystem\\Filesystem->getRequire()
#20 /home1/demo4axiz/public_html/Oronnomart/vendor/laravel/framework/src/Illuminate/View/Engines/CompilerEngine.php(70): Illuminate\\View\\Engines\\PhpEngine->evaluatePath()
#21 /home1/demo4axiz/public_html/Oronnomart/vendor/laravel/framework/src/Illuminate/View/View.php(195): Illuminate\\View\\Engines\\CompilerEngine->get()
#22 /home1/demo4axiz/public_html/Oronnomart/vendor/laravel/framework/src/Illuminate/View/View.php(178): Illuminate\\View\\View->getContents()
#23 /home1/demo4axiz/public_html/Oronnomart/vendor/laravel/framework/src/Illuminate/View/View.php(147): Illuminate\\View\\View->renderContents()
#24 /home1/demo4axiz/public_html/Oronnomart/vendor/laravel/framework/src/Illuminate/Http/Response.php(69): Illuminate\\View\\View->render()
#25 /home1/demo4axiz/public_html/Oronnomart/vendor/laravel/framework/src/Illuminate/Http/Response.php(35): Illuminate\\Http\\Response->setContent()
#26 /home1/demo4axiz/public_html/Oronnomart/vendor/laravel/framework/src/Illuminate/Routing/Router.php(906): Illuminate\\Http\\Response->__construct()
#27 /home1/demo4axiz/public_html/Oronnomart/vendor/laravel/framework/src/Illuminate/Routing/Router.php(875): Illuminate\\Routing\\Router::toResponse()
#28 /home1/demo4axiz/public_html/Oronnomart/vendor/laravel/framework/src/Illuminate/Routing/Router.php(798): Illuminate\\Routing\\Router->prepareResponse()
#29 /home1/demo4axiz/public_html/Oronnomart/vendor/laravel/framework/src/Illuminate/Pipeline/Pipeline.php(141): Illuminate\\Routing\\Router->Illuminate\\Routing\\{closure}()
#30 /home1/demo4axiz/public_html/Oronnomart/app/Http/Middleware/CheckForMaintenanceMode.php(64): Illuminate\\Pipeline\\Pipeline->Illuminate\\Pipeline\\{closure}()
#31 /home1/demo4axiz/public_html/Oronnomart/vendor/laravel/framework/src/Illuminate/Pipeline/Pipeline.php(180): App\\Http\\Middleware\\CheckForMaintenanceMode->handle()
#32 /home1/demo4axiz/public_html/Oronnomart/app/Http/Middleware/HttpsProtocol.php(20): Illuminate\\Pipeline\\Pipeline->Illuminate\\Pipeline\\{closure}()
#33 /home1/demo4axiz/public_html/Oronnomart/vendor/laravel/framework/src/Illuminate/Pipeline/Pipeline.php(180): App\\Http\\Middleware\\HttpsProtocol->handle()
#34 /home1/demo4axiz/public_html/Oronnomart/app/Http/Middleware/Language.php(35): Illuminate\\Pipeline\\Pipeline->Illuminate\\Pipeline\\{closure}()
#35 /home1/demo4axiz/public_html/Oronnomart/vendor/laravel/framework/src/Illuminate/Pipeline/Pipeline.php(180): App\\Http\\Middleware\\Language->handle()
#36 /home1/demo4axiz/public_html/Oronnomart/vendor/laravel/framework/src/Illuminate/Routing/Middleware/SubstituteBindings.php(50): Illuminate\\Pipeline\\Pipeline->Illuminate\\Pipeline\\{closure}()
#37 /home1/demo4axiz/public_html/Oronnomart/vendor/laravel/framework/src/Illuminate/Pipeline/Pipeline.php(180): Illuminate\\Routing\\Middleware\\SubstituteBindings->handle()
#38 /home1/demo4axiz/public_html/Oronnomart/vendor/laravel/framework/src/Illuminate/Foundation/Http/Middleware/VerifyCsrfToken.php(78): Illuminate\\Pipeline\\Pipeline->Illuminate\\Pipeline\\{closure}()
#39 /home1/demo4axiz/public_html/Oronnomart/vendor/laravel/framework/src/Illuminate/Pipeline/Pipeline.php(180): Illuminate\\Foundation\\Http\\Middleware\\VerifyCsrfToken->handle()
#40 /home1/demo4axiz/public_html/Oronnomart/vendor/laravel/framework/src/Illuminate/Cookie/Middleware/AddQueuedCookiesToResponse.php(37): Illuminate\\Pipeline\\Pipeline->Illuminate\\Pipeline\\{closure}()
#41 /home1/demo4axiz/public_html/Oronnomart/vendor/laravel/framework/src/Illuminate/Pipeline/Pipeline.php(180): Illuminate\\Cookie\\Middleware\\AddQueuedCookiesToResponse->handle()
#42 /home1/demo4axiz/public_html/Oronnomart/vendor/laravel/framework/src/Illuminate/Pipeline/Pipeline.php(116): Illuminate\\Pipeline\\Pipeline->Illuminate\\Pipeline\\{closure}()
#43 /home1/demo4axiz/public_html/Oronnomart/vendor/laravel/framework/src/Illuminate/Routing/Router.php(799): Illuminate\\Pipeline\\Pipeline->then()
#44 /home1/demo4axiz/public_html/Oronnomart/vendor/laravel/framework/src/Illuminate/Routing/Router.php(776): Illuminate\\Routing\\Router->runRouteWithinStack()
#45 /home1/demo4axiz/public_html/Oronnomart/vendor/laravel/framework/src/Illuminate/Routing/Router.php(740): Illuminate\\Routing\\Router->runRoute()
#46 /home1/demo4axiz/public_html/Oronnomart/vendor/laravel/framework/src/Illuminate/Routing/Router.php(729): Illuminate\\Routing\\Router->dispatchToRoute()
#47 /home1/demo4axiz/public_html/Oronnomart/vendor/laravel/framework/src/Illuminate/Foundation/Http/Kernel.php(190): Illuminate\\Routing\\Router->dispatch()
#48 /home1/demo4axiz/public_html/Oronnomart/vendor/laravel/framework/src/Illuminate/Pipeline/Pipeline.php(141): Illuminate\\Foundation\\Http\\Kernel->Illuminate\\Foundation\\Http\\{closure}()
#49 /home1/demo4axiz/public_html/Oronnomart/vendor/barryvdh/laravel-debugbar/src/Middleware/InjectDebugbar.php(59): Illuminate\\Pipeline\\Pipeline->Illuminate\\Pipeline\\{closure}()
#50 /home1/demo4axiz/public_html/Oronnomart/vendor/laravel/framework/src/Illuminate/Pipeline/Pipeline.php(180): Barryvdh\\Debugbar\\Middleware\\InjectDebugbar->handle()
#51 /home1/demo4axiz/public_html/Oronnomart/vendor/laravel/framework/src/Illuminate/View/Middleware/ShareErrorsFromSession.php(49): Illuminate\\Pipeline\\Pipeline->Illuminate\\Pipeline\\{closure}()
#52 /home1/demo4axiz/public_html/Oronnomart/vendor/laravel/framework/src/Illuminate/Pipeline/Pipeline.php(180): Illuminate\\View\\Middleware\\ShareErrorsFromSession->handle()
#53 /home1/demo4axiz/public_html/Oronnomart/vendor/laravel/framework/src/Illuminate/Session/Middleware/StartSession.php(121): Illuminate\\Pipeline\\Pipeline->Illuminate\\Pipeline\\{closure}()
#54 /home1/demo4axiz/public_html/Oronnomart/vendor/laravel/framework/src/Illuminate/Session/Middleware/StartSession.php(64): Illuminate\\Session\\Middleware\\StartSession->handleStatefulRequest()
#55 /home1/demo4axiz/public_html/Oronnomart/vendor/laravel/framework/src/Illuminate/Pipeline/Pipeline.php(180): Illuminate\\Session\\Middleware\\StartSession->handle()
#56 /home1/demo4axiz/public_html/Oronnomart/vendor/laravel/framework/src/Illuminate/Http/Middleware/TrustProxies.php(39): Illuminate\\Pipeline\\Pipeline->Illuminate\\Pipeline\\{closure}()
#57 /home1/demo4axiz/public_html/Oronnomart/vendor/laravel/framework/src/Illuminate/Pipeline/Pipeline.php(180): Illuminate\\Http\\Middleware\\TrustProxies->handle()
#58 /home1/demo4axiz/public_html/Oronnomart/vendor/laravel/framework/src/Illuminate/Foundation/Http/Middleware/TransformsRequest.php(21): Illuminate\\Pipeline\\Pipeline->Illuminate\\Pipeline\\{closure}()
#59 /home1/demo4axiz/public_html/Oronnomart/vendor/laravel/framework/src/Illuminate/Foundation/Http/Middleware/ConvertEmptyStringsToNull.php(31): Illuminate\\Foundation\\Http\\Middleware\\TransformsRequest->handle()
#60 /home1/demo4axiz/public_html/Oronnomart/vendor/laravel/framework/src/Illuminate/Pipeline/Pipeline.php(180): Illuminate\\Foundation\\Http\\Middleware\\ConvertEmptyStringsToNull->handle()
#61 /home1/demo4axiz/public_html/Oronnomart/vendor/laravel/framework/src/Illuminate/Foundation/Http/Middleware/TransformsRequest.php(21): Illuminate\\Pipeline\\Pipeline->Illuminate\\Pipeline\\{closure}()
#62 /home1/demo4axiz/public_html/Oronnomart/vendor/laravel/framework/src/Illuminate/Foundation/Http/Middleware/TrimStrings.php(40): Illuminate\\Foundation\\Http\\Middleware\\TransformsRequest->handle()
#63 /home1/demo4axiz/public_html/Oronnomart/vendor/laravel/framework/src/Illuminate/Pipeline/Pipeline.php(180): Illuminate\\Foundation\\Http\\Middleware\\TrimStrings->handle()
#64 /home1/demo4axiz/public_html/Oronnomart/vendor/laravel/framework/src/Illuminate/Foundation/Http/Middleware/ValidatePostSize.php(27): Illuminate\\Pipeline\\Pipeline->Illuminate\\Pipeline\\{closure}()
#65 /home1/demo4axiz/public_html/Oronnomart/vendor/laravel/framework/src/Illuminate/Pipeline/Pipeline.php(180): Illuminate\\Foundation\\Http\\Middleware\\ValidatePostSize->handle()
#66 /home1/demo4axiz/public_html/Oronnomart/vendor/laravel/framework/src/Illuminate/Pipeline/Pipeline.php(116): Illuminate\\Pipeline\\Pipeline->Illuminate\\Pipeline\\{closure}()
#67 /home1/demo4axiz/public_html/Oronnomart/vendor/laravel/framework/src/Illuminate/Foundation/Http/Kernel.php(165): Illuminate\\Pipeline\\Pipeline->then()
#68 /home1/demo4axiz/public_html/Oronnomart/vendor/laravel/framework/src/Illuminate/Foundation/Http/Kernel.php(134): Illuminate\\Foundation\\Http\\Kernel->sendRequestThroughRouter()
#69 /home1/demo4axiz/public_html/Oronnomart/index.php(57): Illuminate\\Foundation\\Http\\Kernel->handle()
#70 {main}

[previous exception] [object] (ErrorException(code: 0): file_put_contents(/home1/demo4axiz/public_html/Oronnomart/storage/framework/cache/data/88/2a/882a8652501eff29a7cb268217a12644514aa19a): Failed to open stream: No such file or directory at /home1/demo4axiz/public_html/Oronnomart/vendor/laravel/framework/src/Illuminate/Filesystem/Filesystem.php:190)
[stacktrace]
#0 /home1/demo4axiz/public_html/Oronnomart/vendor/laravel/framework/src/Illuminate/Foundation/Bootstrap/HandleExceptions.php(270): Illuminate\\Foundation\\Bootstrap\\HandleExceptions->handleError()
#1 [internal function]: Illuminate\\Foundation\\Bootstrap\\HandleExceptions->Illuminate\\Foundation\\Bootstrap\\{closure}()
#2 /home1/demo4axiz/public_html/Oronnomart/vendor/laravel/framework/src/Illuminate/Filesystem/Filesystem.php(190): file_put_contents()
#3 /home1/demo4axiz/public_html/Oronnomart/vendor/laravel/framework/src/Illuminate/Cache/FileStore.php(77): Illuminate\\Filesystem\\Filesystem->put()
#4 /home1/demo4axiz/public_html/Oronnomart/vendor/laravel/framework/src/Illuminate/Cache/FileStore.php(200): Illuminate\\Cache\\FileStore->put()
#5 /home1/demo4axiz/public_html/Oronnomart/vendor/laravel/framework/src/Illuminate/Cache/Repository.php(367): Illuminate\\Cache\\FileStore->forever()
#6 /home1/demo4axiz/public_html/Oronnomart/vendor/laravel/framework/src/Illuminate/Cache/Repository.php(438): Illuminate\\Cache\\Repository->forever()
#7 /home1/demo4axiz/public_html/Oronnomart/vendor/laravel/framework/src/Illuminate/Cache/CacheManager.php(408): Illuminate\\Cache\\Repository->rememberForever()
#8 /home1/demo4axiz/public_html/Oronnomart/vendor/laravel/framework/src/Illuminate/Support/Facades/Facade.php(338): Illuminate\\Cache\\CacheManager->__call()
#9 /home1/demo4axiz/public_html/Oronnomart/app/Http/Helpers.php(165): Illuminate\\Support\\Facades\\Facade::__callStatic()
#10 /home1/demo4axiz/public_html/Oronnomart/app/Http/Helpers.php(137): verified_sellers_id()
#11 /home1/demo4axiz/public_html/Oronnomart/app/Http/Helpers.php(1747): filter_products()
#12 /home1/demo4axiz/public_html/Oronnomart/vendor/laravel/framework/src/Illuminate/Cache/Repository.php(397): {closure}()
#13 /home1/demo4axiz/public_html/Oronnomart/vendor/laravel/framework/src/Illuminate/Cache/CacheManager.php(408): Illuminate\\Cache\\Repository->remember()
#14 /home1/demo4axiz/public_html/Oronnomart/vendor/laravel/framework/src/Illuminate/Support/Facades/Facade.php(338): Illuminate\\Cache\\CacheManager->__call()
#15 /home1/demo4axiz/public_html/Oronnomart/app/Http/Helpers.php(1748): Illuminate\\Support\\Facades\\Facade::__callStatic()
#16 /home1/demo4axiz/public_html/Oronnomart/storage/framework/views/5e88d97c2ab0d5fba81c359afa4f68c9b045dc0f.php(1): get_featured_products()
#17 /home1/demo4axiz/public_html/Oronnomart/vendor/laravel/framework/src/Illuminate/Filesystem/Filesystem.php(109): require('/home1/demo4axi...')
#18 /home1/demo4axiz/public_html/Oronnomart/vendor/laravel/framework/src/Illuminate/Filesystem/Filesystem.php(110): Illuminate\\Filesystem\\Filesystem::Illuminate\\Filesystem\\{closure}()
#19 /home1/demo4axiz/public_html/Oronnomart/vendor/laravel/framework/src/Illuminate/View/Engines/PhpEngine.php(58): Illuminate\\Filesystem\\Filesystem->getRequire()
#20 /home1/demo4axiz/public_html/Oronnomart/vendor/laravel/framework/src/Illuminate/View/Engines/CompilerEngine.php(70): Illuminate\\View\\Engines\\PhpEngine->evaluatePath()
#21 /home1/demo4axiz/public_html/Oronnomart/vendor/laravel/framework/src/Illuminate/View/View.php(195): Illuminate\\View\\Engines\\CompilerEngine->get()
#22 /home1/demo4axiz/public_html/Oronnomart/vendor/laravel/framework/src/Illuminate/View/View.php(178): Illuminate\\View\\View->getContents()
#23 /home1/demo4axiz/public_html/Oronnomart/vendor/laravel/framework/src/Illuminate/View/View.php(147): Illuminate\\View\\View->renderContents()
#24 /home1/demo4axiz/public_html/Oronnomart/vendor/laravel/framework/src/Illuminate/Http/Response.php(69): Illuminate\\View\\View->render()
#25 /home1/demo4axiz/public_html/Oronnomart/vendor/laravel/framework/src/Illuminate/Http/Response.php(35): Illuminate\\Http\\Response->setContent()
#26 /home1/demo4axiz/public_html/Oronnomart/vendor/laravel/framework/src/Illuminate/Routing/Router.php(906): Illuminate\\Http\\Response->__construct()
#27 /home1/demo4axiz/public_html/Oronnomart/vendor/laravel/framework/src/Illuminate/Routing/Router.php(875): Illuminate\\Routing\\Router::toResponse()
#28 /home1/demo4axiz/public_html/Oronnomart/vendor/laravel/framework/src/Illuminate/Routing/Router.php(798): Illuminate\\Routing\\Router->prepareResponse()
#29 /home1/demo4axiz/public_html/Oronnomart/vendor/laravel/framework/src/Illuminate/Pipeline/Pipeline.php(141): Illuminate\\Routing\\Router->Illuminate\\Routing\\{closure}()
#30 /home1/demo4axiz/public_html/Oronnomart/app/Http/Middleware/CheckForMaintenanceMode.php(64): Illuminate\\Pipeline\\Pipeline->Illuminate\\Pipeline\\{closure}()
#31 /home1/demo4axiz/public_html/Oronnomart/vendor/laravel/framework/src/Illuminate/Pipeline/Pipeline.php(180): App\\Http\\Middleware\\CheckForMaintenanceMode->handle()
#32 /home1/demo4axiz/public_html/Oronnomart/app/Http/Middleware/HttpsProtocol.php(20): Illuminate\\Pipeline\\Pipeline->Illuminate\\Pipeline\\{closure}()
#33 /home1/demo4axiz/public_html/Oronnomart/vendor/laravel/framework/src/Illuminate/Pipeline/Pipeline.php(180): App\\Http\\Middleware\\HttpsProtocol->handle()
#34 /home1/demo4axiz/public_html/Oronnomart/app/Http/Middleware/Language.php(35): Illuminate\\Pipeline\\Pipeline->Illuminate\\Pipeline\\{closure}()
#35 /home1/demo4axiz/public_html/Oronnomart/vendor/laravel/framework/src/Illuminate/Pipeline/Pipeline.php(180): App\\Http\\Middleware\\Language->handle()
#36 /home1/demo4axiz/public_html/Oronnomart/vendor/laravel/framework/src/Illuminate/Routing/Middleware/SubstituteBindings.php(50): Illuminate\\Pipeline\\Pipeline->Illuminate\\Pipeline\\{closure}()
#37 /home1/demo4axiz/public_html/Oronnomart/vendor/laravel/framework/src/Illuminate/Pipeline/Pipeline.php(180): Illuminate\\Routing\\Middleware\\SubstituteBindings->handle()
#38 /home1/demo4axiz/public_html/Oronnomart/vendor/laravel/framework/src/Illuminate/Foundation/Http/Middleware/VerifyCsrfToken.php(78): Illuminate\\Pipeline\\Pipeline->Illuminate\\Pipeline\\{closure}()
#39 /home1/demo4axiz/public_html/Oronnomart/vendor/laravel/framework/src/Illuminate/Pipeline/Pipeline.php(180): Illuminate\\Foundation\\Http\\Middleware\\VerifyCsrfToken->handle()
#40 /home1/demo4axiz/public_html/Oronnomart/vendor/laravel/framework/src/Illuminate/Cookie/Middleware/AddQueuedCookiesToResponse.php(37): Illuminate\\Pipeline\\Pipeline->Illuminate\\Pipeline\\{closure}()
#41 /home1/demo4axiz/public_html/Oronnomart/vendor/laravel/framework/src/Illuminate/Pipeline/Pipeline.php(180): Illuminate\\Cookie\\Middleware\\AddQueuedCookiesToResponse->handle()
#42 /home1/demo4axiz/public_html/Oronnomart/vendor/laravel/framework/src/Illuminate/Pipeline/Pipeline.php(116): Illuminate\\Pipeline\\Pipeline->Illuminate\\Pipeline\\{closure}()
#43 /home1/demo4axiz/public_html/Oronnomart/vendor/laravel/framework/src/Illuminate/Routing/Router.php(799): Illuminate\\Pipeline\\Pipeline->then()
#44 /home1/demo4axiz/public_html/Oronnomart/vendor/laravel/framework/src/Illuminate/Routing/Router.php(776): Illuminate\\Routing\\Router->runRouteWithinStack()
#45 /home1/demo4axiz/public_html/Oronnomart/vendor/laravel/framework/src/Illuminate/Routing/Router.php(740): Illuminate\\Routing\\Router->runRoute()
#46 /home1/demo4axiz/public_html/Oronnomart/vendor/laravel/framework/src/Illuminate/Routing/Router.php(729): Illuminate\\Routing\\Router->dispatchToRoute()
#47 /home1/demo4axiz/public_html/Oronnomart/vendor/laravel/framework/src/Illuminate/Foundation/Http/Kernel.php(190): Illuminate\\Routing\\Router->dispatch()
#48 /home1/demo4axiz/public_html/Oronnomart/vendor/laravel/framework/src/Illuminate/Pipeline/Pipeline.php(141): Illuminate\\Foundation\\Http\\Kernel->Illuminate\\Foundation\\Http\\{closure}()
#49 /home1/demo4axiz/public_html/Oronnomart/vendor/barryvdh/laravel-debugbar/src/Middleware/InjectDebugbar.php(59): Illuminate\\Pipeline\\Pipeline->Illuminate\\Pipeline\\{closure}()
#50 /home1/demo4axiz/public_html/Oronnomart/vendor/laravel/framework/src/Illuminate/Pipeline/Pipeline.php(180): Barryvdh\\Debugbar\\Middleware\\InjectDebugbar->handle()
#51 /home1/demo4axiz/public_html/Oronnomart/vendor/laravel/framework/src/Illuminate/View/Middleware/ShareErrorsFromSession.php(49): Illuminate\\Pipeline\\Pipeline->Illuminate\\Pipeline\\{closure}()
#52 /home1/demo4axiz/public_html/Oronnomart/vendor/laravel/framework/src/Illuminate/Pipeline/Pipeline.php(180): Illuminate\\View\\Middleware\\ShareErrorsFromSession->handle()
#53 /home1/demo4axiz/public_html/Oronnomart/vendor/laravel/framework/src/Illuminate/Session/Middleware/StartSession.php(121): Illuminate\\Pipeline\\Pipeline->Illuminate\\Pipeline\\{closure}()
#54 /home1/demo4axiz/public_html/Oronnomart/vendor/laravel/framework/src/Illuminate/Session/Middleware/StartSession.php(64): Illuminate\\Session\\Middleware\\StartSession->handleStatefulRequest()
#55 /home1/demo4axiz/public_html/Oronnomart/vendor/laravel/framework/src/Illuminate/Pipeline/Pipeline.php(180): Illuminate\\Session\\Middleware\\StartSession->handle()
#56 /home1/demo4axiz/public_html/Oronnomart/vendor/laravel/framework/src/Illuminate/Http/Middleware/TrustProxies.php(39): Illuminate\\Pipeline\\Pipeline->Illuminate\\Pipeline\\{closure}()
#57 /home1/demo4axiz/public_html/Oronnomart/vendor/laravel/framework/src/Illuminate/Pipeline/Pipeline.php(180): Illuminate\\Http\\Middleware\\TrustProxies->handle()
#58 /home1/demo4axiz/public_html/Oronnomart/vendor/laravel/framework/src/Illuminate/Foundation/Http/Middleware/TransformsRequest.php(21): Illuminate\\Pipeline\\Pipeline->Illuminate\\Pipeline\\{closure}()
#59 /home1/demo4axiz/public_html/Oronnomart/vendor/laravel/framework/src/Illuminate/Foundation/Http/Middleware/ConvertEmptyStringsToNull.php(31): Illuminate\\Foundation\\Http\\Middleware\\TransformsRequest->handle()
#60 /home1/demo4axiz/public_html/Oronnomart/vendor/laravel/framework/src/Illuminate/Pipeline/Pipeline.php(180): Illuminate\\Foundation\\Http\\Middleware\\ConvertEmptyStringsToNull->handle()
#61 /home1/demo4axiz/public_html/Oronnomart/vendor/laravel/framework/src/Illuminate/Foundation/Http/Middleware/TransformsRequest.php(21): Illuminate\\Pipeline\\Pipeline->Illuminate\\Pipeline\\{closure}()
#62 /home1/demo4axiz/public_html/Oronnomart/vendor/laravel/framework/src/Illuminate/Foundation/Http/Middleware/TrimStrings.php(40): Illuminate\\Foundation\\Http\\Middleware\\TransformsRequest->handle()
#63 /home1/demo4axiz/public_html/Oronnomart/vendor/laravel/framework/src/Illuminate/Pipeline/Pipeline.php(180): Illuminate\\Foundation\\Http\\Middleware\\TrimStrings->handle()
#64 /home1/demo4axiz/public_html/Oronnomart/vendor/laravel/framework/src/Illuminate/Foundation/Http/Middleware/ValidatePostSize.php(27): Illuminate\\Pipeline\\Pipeline->Illuminate\\Pipeline\\{closure}()
#65 /home1/demo4axiz/public_html/Oronnomart/vendor/laravel/framework/src/Illuminate/Pipeline/Pipeline.php(180): Illuminate\\Foundation\\Http\\Middleware\\ValidatePostSize->handle()
#66 /home1/demo4axiz/public_html/Oronnomart/vendor/laravel/framework/src/Illuminate/Pipeline/Pipeline.php(116): Illuminate\\Pipeline\\Pipeline->Illuminate\\Pipeline\\{closure}()
#67 /home1/demo4axiz/public_html/Oronnomart/vendor/laravel/framework/src/Illuminate/Foundation/Http/Kernel.php(165): Illuminate\\Pipeline\\Pipeline->then()
#68 /home1/demo4axiz/public_html/Oronnomart/vendor/laravel/framework/src/Illuminate/Foundation/Http/Kernel.php(134): Illuminate\\Foundation\\Http\\Kernel->sendRequestThroughRouter()
#69 /home1/demo4axiz/public_html/Oronnomart/index.php(57): Illuminate\\Foundation\\Http\\Kernel->handle()
#70 {main}
"} 
[2024-12-03 14:55:59] local.ERROR: file_put_contents(/home1/demo4axiz/public_html/Oronnomart/storage/framework/cache/data/88/2a/882a8652501eff29a7cb268217a12644514aa19a): Failed to open stream: No such file or directory {"userId":9,"exception":"[object] (ErrorException(code: 0): file_put_contents(/home1/demo4axiz/public_html/Oronnomart/storage/framework/cache/data/88/2a/882a8652501eff29a7cb268217a12644514aa19a): Failed to open stream: No such file or directory at /home1/demo4axiz/public_html/Oronnomart/vendor/laravel/framework/src/Illuminate/Filesystem/Filesystem.php:190)
[stacktrace]
#0 /home1/demo4axiz/public_html/Oronnomart/vendor/laravel/framework/src/Illuminate/Foundation/Bootstrap/HandleExceptions.php(270): Illuminate\\Foundation\\Bootstrap\\HandleExceptions->handleError()
#1 [internal function]: Illuminate\\Foundation\\Bootstrap\\HandleExceptions->Illuminate\\Foundation\\Bootstrap\\{closure}()
#2 /home1/demo4axiz/public_html/Oronnomart/vendor/laravel/framework/src/Illuminate/Filesystem/Filesystem.php(190): file_put_contents()
#3 /home1/demo4axiz/public_html/Oronnomart/vendor/laravel/framework/src/Illuminate/Cache/FileStore.php(77): Illuminate\\Filesystem\\Filesystem->put()
#4 /home1/demo4axiz/public_html/Oronnomart/vendor/laravel/framework/src/Illuminate/Cache/FileStore.php(200): Illuminate\\Cache\\FileStore->put()
#5 /home1/demo4axiz/public_html/Oronnomart/vendor/laravel/framework/src/Illuminate/Cache/Repository.php(367): Illuminate\\Cache\\FileStore->forever()
#6 /home1/demo4axiz/public_html/Oronnomart/vendor/laravel/framework/src/Illuminate/Cache/Repository.php(438): Illuminate\\Cache\\Repository->forever()
#7 /home1/demo4axiz/public_html/Oronnomart/vendor/laravel/framework/src/Illuminate/Cache/CacheManager.php(408): Illuminate\\Cache\\Repository->rememberForever()
#8 /home1/demo4axiz/public_html/Oronnomart/vendor/laravel/framework/src/Illuminate/Support/Facades/Facade.php(338): Illuminate\\Cache\\CacheManager->__call()
#9 /home1/demo4axiz/public_html/Oronnomart/app/Http/Helpers.php(165): Illuminate\\Support\\Facades\\Facade::__callStatic()
#10 /home1/demo4axiz/public_html/Oronnomart/app/Http/Helpers.php(137): verified_sellers_id()
#11 /home1/demo4axiz/public_html/Oronnomart/app/Http/Controllers/HomeController.php(57): filter_products()
#12 /home1/demo4axiz/public_html/Oronnomart/vendor/laravel/framework/src/Illuminate/Routing/Controller.php(54): App\\Http\\Controllers\\HomeController->load_todays_deal_section()
#13 /home1/demo4axiz/public_html/Oronnomart/vendor/laravel/framework/src/Illuminate/Routing/ControllerDispatcher.php(43): Illuminate\\Routing\\Controller->callAction()
#14 /home1/demo4axiz/public_html/Oronnomart/vendor/laravel/framework/src/Illuminate/Routing/Route.php(260): Illuminate\\Routing\\ControllerDispatcher->dispatch()
#15 /home1/demo4axiz/public_html/Oronnomart/vendor/laravel/framework/src/Illuminate/Routing/Route.php(205): Illuminate\\Routing\\Route->runController()
#16 /home1/demo4axiz/public_html/Oronnomart/vendor/laravel/framework/src/Illuminate/Routing/Router.php(798): Illuminate\\Routing\\Route->run()
#17 /home1/demo4axiz/public_html/Oronnomart/vendor/laravel/framework/src/Illuminate/Pipeline/Pipeline.php(141): Illuminate\\Routing\\Router->Illuminate\\Routing\\{closure}()
#18 /home1/demo4axiz/public_html/Oronnomart/app/Http/Middleware/CheckForMaintenanceMode.php(64): Illuminate\\Pipeline\\Pipeline->Illuminate\\Pipeline\\{closure}()
#19 /home1/demo4axiz/public_html/Oronnomart/vendor/laravel/framework/src/Illuminate/Pipeline/Pipeline.php(180): App\\Http\\Middleware\\CheckForMaintenanceMode->handle()
#20 /home1/demo4axiz/public_html/Oronnomart/app/Http/Middleware/HttpsProtocol.php(20): Illuminate\\Pipeline\\Pipeline->Illuminate\\Pipeline\\{closure}()
#21 /home1/demo4axiz/public_html/Oronnomart/vendor/laravel/framework/src/Illuminate/Pipeline/Pipeline.php(180): App\\Http\\Middleware\\HttpsProtocol->handle()
#22 /home1/demo4axiz/public_html/Oronnomart/app/Http/Middleware/Language.php(35): Illuminate\\Pipeline\\Pipeline->Illuminate\\Pipeline\\{closure}()
#23 /home1/demo4axiz/public_html/Oronnomart/vendor/laravel/framework/src/Illuminate/Pipeline/Pipeline.php(180): App\\Http\\Middleware\\Language->handle()
#24 /home1/demo4axiz/public_html/Oronnomart/vendor/laravel/framework/src/Illuminate/Routing/Middleware/SubstituteBindings.php(50): Illuminate\\Pipeline\\Pipeline->Illuminate\\Pipeline\\{closure}()
#25 /home1/demo4axiz/public_html/Oronnomart/vendor/laravel/framework/src/Illuminate/Pipeline/Pipeline.php(180): Illuminate\\Routing\\Middleware\\SubstituteBindings->handle()
#26 /home1/demo4axiz/public_html/Oronnomart/vendor/laravel/framework/src/Illuminate/Foundation/Http/Middleware/VerifyCsrfToken.php(78): Illuminate\\Pipeline\\Pipeline->Illuminate\\Pipeline\\{closure}()
#27 /home1/demo4axiz/public_html/Oronnomart/vendor/laravel/framework/src/Illuminate/Pipeline/Pipeline.php(180): Illuminate\\Foundation\\Http\\Middleware\\VerifyCsrfToken->handle()
#28 /home1/demo4axiz/public_html/Oronnomart/vendor/laravel/framework/src/Illuminate/Cookie/Middleware/AddQueuedCookiesToResponse.php(37): Illuminate\\Pipeline\\Pipeline->Illuminate\\Pipeline\\{closure}()
#29 /home1/demo4axiz/public_html/Oronnomart/vendor/laravel/framework/src/Illuminate/Pipeline/Pipeline.php(180): Illuminate\\Cookie\\Middleware\\AddQueuedCookiesToResponse->handle()
#30 /home1/demo4axiz/public_html/Oronnomart/vendor/laravel/framework/src/Illuminate/Pipeline/Pipeline.php(116): Illuminate\\Pipeline\\Pipeline->Illuminate\\Pipeline\\{closure}()
#31 /home1/demo4axiz/public_html/Oronnomart/vendor/laravel/framework/src/Illuminate/Routing/Router.php(799): Illuminate\\Pipeline\\Pipeline->then()
#32 /home1/demo4axiz/public_html/Oronnomart/vendor/laravel/framework/src/Illuminate/Routing/Router.php(776): Illuminate\\Routing\\Router->runRouteWithinStack()
#33 /home1/demo4axiz/public_html/Oronnomart/vendor/laravel/framework/src/Illuminate/Routing/Router.php(740): Illuminate\\Routing\\Router->runRoute()
#34 /home1/demo4axiz/public_html/Oronnomart/vendor/laravel/framework/src/Illuminate/Routing/Router.php(729): Illuminate\\Routing\\Router->dispatchToRoute()
#35 /home1/demo4axiz/public_html/Oronnomart/vendor/laravel/framework/src/Illuminate/Foundation/Http/Kernel.php(190): Illuminate\\Routing\\Router->dispatch()
#36 /home1/demo4axiz/public_html/Oronnomart/vendor/laravel/framework/src/Illuminate/Pipeline/Pipeline.php(141): Illuminate\\Foundation\\Http\\Kernel->Illuminate\\Foundation\\Http\\{closure}()
#37 /home1/demo4axiz/public_html/Oronnomart/vendor/barryvdh/laravel-debugbar/src/Middleware/InjectDebugbar.php(59): Illuminate\\Pipeline\\Pipeline->Illuminate\\Pipeline\\{closure}()
#38 /home1/demo4axiz/public_html/Oronnomart/vendor/laravel/framework/src/Illuminate/Pipeline/Pipeline.php(180): Barryvdh\\Debugbar\\Middleware\\InjectDebugbar->handle()
#39 /home1/demo4axiz/public_html/Oronnomart/vendor/laravel/framework/src/Illuminate/View/Middleware/ShareErrorsFromSession.php(49): Illuminate\\Pipeline\\Pipeline->Illuminate\\Pipeline\\{closure}()
#40 /home1/demo4axiz/public_html/Oronnomart/vendor/laravel/framework/src/Illuminate/Pipeline/Pipeline.php(180): Illuminate\\View\\Middleware\\ShareErrorsFromSession->handle()
#41 /home1/demo4axiz/public_html/Oronnomart/vendor/laravel/framework/src/Illuminate/Session/Middleware/StartSession.php(121): Illuminate\\Pipeline\\Pipeline->Illuminate\\Pipeline\\{closure}()
#42 /home1/demo4axiz/public_html/Oronnomart/vendor/laravel/framework/src/Illuminate/Session/Middleware/StartSession.php(64): Illuminate\\Session\\Middleware\\StartSession->handleStatefulRequest()
#43 /home1/demo4axiz/public_html/Oronnomart/vendor/laravel/framework/src/Illuminate/Pipeline/Pipeline.php(180): Illuminate\\Session\\Middleware\\StartSession->handle()
#44 /home1/demo4axiz/public_html/Oronnomart/vendor/laravel/framework/src/Illuminate/Http/Middleware/TrustProxies.php(39): Illuminate\\Pipeline\\Pipeline->Illuminate\\Pipeline\\{closure}()
#45 /home1/demo4axiz/public_html/Oronnomart/vendor/laravel/framework/src/Illuminate/Pipeline/Pipeline.php(180): Illuminate\\Http\\Middleware\\TrustProxies->handle()
#46 /home1/demo4axiz/public_html/Oronnomart/vendor/laravel/framework/src/Illuminate/Foundation/Http/Middleware/TransformsRequest.php(21): Illuminate\\Pipeline\\Pipeline->Illuminate\\Pipeline\\{closure}()
#47 /home1/demo4axiz/public_html/Oronnomart/vendor/laravel/framework/src/Illuminate/Foundation/Http/Middleware/ConvertEmptyStringsToNull.php(31): Illuminate\\Foundation\\Http\\Middleware\\TransformsRequest->handle()
#48 /home1/demo4axiz/public_html/Oronnomart/vendor/laravel/framework/src/Illuminate/Pipeline/Pipeline.php(180): Illuminate\\Foundation\\Http\\Middleware\\ConvertEmptyStringsToNull->handle()
#49 /home1/demo4axiz/public_html/Oronnomart/vendor/laravel/framework/src/Illuminate/Foundation/Http/Middleware/TransformsRequest.php(21): Illuminate\\Pipeline\\Pipeline->Illuminate\\Pipeline\\{closure}()
#50 /home1/demo4axiz/public_html/Oronnomart/vendor/laravel/framework/src/Illuminate/Foundation/Http/Middleware/TrimStrings.php(40): Illuminate\\Foundation\\Http\\Middleware\\TransformsRequest->handle()
#51 /home1/demo4axiz/public_html/Oronnomart/vendor/laravel/framework/src/Illuminate/Pipeline/Pipeline.php(180): Illuminate\\Foundation\\Http\\Middleware\\TrimStrings->handle()
#52 /home1/demo4axiz/public_html/Oronnomart/vendor/laravel/framework/src/Illuminate/Foundation/Http/Middleware/ValidatePostSize.php(27): Illuminate\\Pipeline\\Pipeline->Illuminate\\Pipeline\\{closure}()
#53 /home1/demo4axiz/public_html/Oronnomart/vendor/laravel/framework/src/Illuminate/Pipeline/Pipeline.php(180): Illuminate\\Foundation\\Http\\Middleware\\ValidatePostSize->handle()
#54 /home1/demo4axiz/public_html/Oronnomart/vendor/laravel/framework/src/Illuminate/Pipeline/Pipeline.php(116): Illuminate\\Pipeline\\Pipeline->Illuminate\\Pipeline\\{closure}()
#55 /home1/demo4axiz/public_html/Oronnomart/vendor/laravel/framework/src/Illuminate/Foundation/Http/Kernel.php(165): Illuminate\\Pipeline\\Pipeline->then()
#56 /home1/demo4axiz/public_html/Oronnomart/vendor/laravel/framework/src/Illuminate/Foundation/Http/Kernel.php(134): Illuminate\\Foundation\\Http\\Kernel->sendRequestThroughRouter()
#57 /home1/demo4axiz/public_html/Oronnomart/index.php(57): Illuminate\\Foundation\\Http\\Kernel->handle()
#58 {main}
"} 
[2024-12-03 14:56:15] local.ERROR: file_put_contents(/home1/demo4axiz/public_html/Oronnomart/storage/framework/cache/data/88/2a/882a8652501eff29a7cb268217a12644514aa19a): Failed to open stream: No such file or directory {"userId":9,"exception":"[object] (ErrorException(code: 0): file_put_contents(/home1/demo4axiz/public_html/Oronnomart/storage/framework/cache/data/88/2a/882a8652501eff29a7cb268217a12644514aa19a): Failed to open stream: No such file or directory at /home1/demo4axiz/public_html/Oronnomart/vendor/laravel/framework/src/Illuminate/Filesystem/Filesystem.php:190)
[stacktrace]
#0 /home1/demo4axiz/public_html/Oronnomart/vendor/laravel/framework/src/Illuminate/Foundation/Bootstrap/HandleExceptions.php(270): Illuminate\\Foundation\\Bootstrap\\HandleExceptions->handleError()
#1 [internal function]: Illuminate\\Foundation\\Bootstrap\\HandleExceptions->Illuminate\\Foundation\\Bootstrap\\{closure}()
#2 /home1/demo4axiz/public_html/Oronnomart/vendor/laravel/framework/src/Illuminate/Filesystem/Filesystem.php(190): file_put_contents()
#3 /home1/demo4axiz/public_html/Oronnomart/vendor/laravel/framework/src/Illuminate/Cache/FileStore.php(77): Illuminate\\Filesystem\\Filesystem->put()
#4 /home1/demo4axiz/public_html/Oronnomart/vendor/laravel/framework/src/Illuminate/Cache/FileStore.php(200): Illuminate\\Cache\\FileStore->put()
#5 /home1/demo4axiz/public_html/Oronnomart/vendor/laravel/framework/src/Illuminate/Cache/Repository.php(367): Illuminate\\Cache\\FileStore->forever()
#6 /home1/demo4axiz/public_html/Oronnomart/vendor/laravel/framework/src/Illuminate/Cache/Repository.php(438): Illuminate\\Cache\\Repository->forever()
#7 /home1/demo4axiz/public_html/Oronnomart/vendor/laravel/framework/src/Illuminate/Cache/CacheManager.php(408): Illuminate\\Cache\\Repository->rememberForever()
#8 /home1/demo4axiz/public_html/Oronnomart/vendor/laravel/framework/src/Illuminate/Support/Facades/Facade.php(338): Illuminate\\Cache\\CacheManager->__call()
#9 /home1/demo4axiz/public_html/Oronnomart/app/Http/Helpers.php(165): Illuminate\\Support\\Facades\\Facade::__callStatic()
#10 /home1/demo4axiz/public_html/Oronnomart/app/Http/Helpers.php(137): verified_sellers_id()
#11 /home1/demo4axiz/public_html/Oronnomart/app/Http/Controllers/HomeController.php(57): filter_products()
#12 /home1/demo4axiz/public_html/Oronnomart/vendor/laravel/framework/src/Illuminate/Routing/Controller.php(54): App\\Http\\Controllers\\HomeController->load_todays_deal_section()
#13 /home1/demo4axiz/public_html/Oronnomart/vendor/laravel/framework/src/Illuminate/Routing/ControllerDispatcher.php(43): Illuminate\\Routing\\Controller->callAction()
#14 /home1/demo4axiz/public_html/Oronnomart/vendor/laravel/framework/src/Illuminate/Routing/Route.php(260): Illuminate\\Routing\\ControllerDispatcher->dispatch()
#15 /home1/demo4axiz/public_html/Oronnomart/vendor/laravel/framework/src/Illuminate/Routing/Route.php(205): Illuminate\\Routing\\Route->runController()
#16 /home1/demo4axiz/public_html/Oronnomart/vendor/laravel/framework/src/Illuminate/Routing/Router.php(798): Illuminate\\Routing\\Route->run()
#17 /home1/demo4axiz/public_html/Oronnomart/vendor/laravel/framework/src/Illuminate/Pipeline/Pipeline.php(141): Illuminate\\Routing\\Router->Illuminate\\Routing\\{closure}()
#18 /home1/demo4axiz/public_html/Oronnomart/app/Http/Middleware/CheckForMaintenanceMode.php(64): Illuminate\\Pipeline\\Pipeline->Illuminate\\Pipeline\\{closure}()
#19 /home1/demo4axiz/public_html/Oronnomart/vendor/laravel/framework/src/Illuminate/Pipeline/Pipeline.php(180): App\\Http\\Middleware\\CheckForMaintenanceMode->handle()
#20 /home1/demo4axiz/public_html/Oronnomart/app/Http/Middleware/HttpsProtocol.php(20): Illuminate\\Pipeline\\Pipeline->Illuminate\\Pipeline\\{closure}()
#21 /home1/demo4axiz/public_html/Oronnomart/vendor/laravel/framework/src/Illuminate/Pipeline/Pipeline.php(180): App\\Http\\Middleware\\HttpsProtocol->handle()
#22 /home1/demo4axiz/public_html/Oronnomart/app/Http/Middleware/Language.php(35): Illuminate\\Pipeline\\Pipeline->Illuminate\\Pipeline\\{closure}()
#23 /home1/demo4axiz/public_html/Oronnomart/vendor/laravel/framework/src/Illuminate/Pipeline/Pipeline.php(180): App\\Http\\Middleware\\Language->handle()
#24 /home1/demo4axiz/public_html/Oronnomart/vendor/laravel/framework/src/Illuminate/Routing/Middleware/SubstituteBindings.php(50): Illuminate\\Pipeline\\Pipeline->Illuminate\\Pipeline\\{closure}()
#25 /home1/demo4axiz/public_html/Oronnomart/vendor/laravel/framework/src/Illuminate/Pipeline/Pipeline.php(180): Illuminate\\Routing\\Middleware\\SubstituteBindings->handle()
#26 /home1/demo4axiz/public_html/Oronnomart/vendor/laravel/framework/src/Illuminate/Foundation/Http/Middleware/VerifyCsrfToken.php(78): Illuminate\\Pipeline\\Pipeline->Illuminate\\Pipeline\\{closure}()
#27 /home1/demo4axiz/public_html/Oronnomart/vendor/laravel/framework/src/Illuminate/Pipeline/Pipeline.php(180): Illuminate\\Foundation\\Http\\Middleware\\VerifyCsrfToken->handle()
#28 /home1/demo4axiz/public_html/Oronnomart/vendor/laravel/framework/src/Illuminate/Cookie/Middleware/AddQueuedCookiesToResponse.php(37): Illuminate\\Pipeline\\Pipeline->Illuminate\\Pipeline\\{closure}()
#29 /home1/demo4axiz/public_html/Oronnomart/vendor/laravel/framework/src/Illuminate/Pipeline/Pipeline.php(180): Illuminate\\Cookie\\Middleware\\AddQueuedCookiesToResponse->handle()
#30 /home1/demo4axiz/public_html/Oronnomart/vendor/laravel/framework/src/Illuminate/Pipeline/Pipeline.php(116): Illuminate\\Pipeline\\Pipeline->Illuminate\\Pipeline\\{closure}()
#31 /home1/demo4axiz/public_html/Oronnomart/vendor/laravel/framework/src/Illuminate/Routing/Router.php(799): Illuminate\\Pipeline\\Pipeline->then()
#32 /home1/demo4axiz/public_html/Oronnomart/vendor/laravel/framework/src/Illuminate/Routing/Router.php(776): Illuminate\\Routing\\Router->runRouteWithinStack()
#33 /home1/demo4axiz/public_html/Oronnomart/vendor/laravel/framework/src/Illuminate/Routing/Router.php(740): Illuminate\\Routing\\Router->runRoute()
#34 /home1/demo4axiz/public_html/Oronnomart/vendor/laravel/framework/src/Illuminate/Routing/Router.php(729): Illuminate\\Routing\\Router->dispatchToRoute()
#35 /home1/demo4axiz/public_html/Oronnomart/vendor/laravel/framework/src/Illuminate/Foundation/Http/Kernel.php(190): Illuminate\\Routing\\Router->dispatch()
#36 /home1/demo4axiz/public_html/Oronnomart/vendor/laravel/framework/src/Illuminate/Pipeline/Pipeline.php(141): Illuminate\\Foundation\\Http\\Kernel->Illuminate\\Foundation\\Http\\{closure}()
#37 /home1/demo4axiz/public_html/Oronnomart/vendor/barryvdh/laravel-debugbar/src/Middleware/InjectDebugbar.php(59): Illuminate\\Pipeline\\Pipeline->Illuminate\\Pipeline\\{closure}()
#38 /home1/demo4axiz/public_html/Oronnomart/vendor/laravel/framework/src/Illuminate/Pipeline/Pipeline.php(180): Barryvdh\\Debugbar\\Middleware\\InjectDebugbar->handle()
#39 /home1/demo4axiz/public_html/Oronnomart/vendor/laravel/framework/src/Illuminate/View/Middleware/ShareErrorsFromSession.php(49): Illuminate\\Pipeline\\Pipeline->Illuminate\\Pipeline\\{closure}()
#40 /home1/demo4axiz/public_html/Oronnomart/vendor/laravel/framework/src/Illuminate/Pipeline/Pipeline.php(180): Illuminate\\View\\Middleware\\ShareErrorsFromSession->handle()
#41 /home1/demo4axiz/public_html/Oronnomart/vendor/laravel/framework/src/Illuminate/Session/Middleware/StartSession.php(121): Illuminate\\Pipeline\\Pipeline->Illuminate\\Pipeline\\{closure}()
#42 /home1/demo4axiz/public_html/Oronnomart/vendor/laravel/framework/src/Illuminate/Session/Middleware/StartSession.php(64): Illuminate\\Session\\Middleware\\StartSession->handleStatefulRequest()
#43 /home1/demo4axiz/public_html/Oronnomart/vendor/laravel/framework/src/Illuminate/Pipeline/Pipeline.php(180): Illuminate\\Session\\Middleware\\StartSession->handle()
#44 /home1/demo4axiz/public_html/Oronnomart/vendor/laravel/framework/src/Illuminate/Http/Middleware/TrustProxies.php(39): Illuminate\\Pipeline\\Pipeline->Illuminate\\Pipeline\\{closure}()
#45 /home1/demo4axiz/public_html/Oronnomart/vendor/laravel/framework/src/Illuminate/Pipeline/Pipeline.php(180): Illuminate\\Http\\Middleware\\TrustProxies->handle()
#46 /home1/demo4axiz/public_html/Oronnomart/vendor/laravel/framework/src/Illuminate/Foundation/Http/Middleware/TransformsRequest.php(21): Illuminate\\Pipeline\\Pipeline->Illuminate\\Pipeline\\{closure}()
#47 /home1/demo4axiz/public_html/Oronnomart/vendor/laravel/framework/src/Illuminate/Foundation/Http/Middleware/ConvertEmptyStringsToNull.php(31): Illuminate\\Foundation\\Http\\Middleware\\TransformsRequest->handle()
#48 /home1/demo4axiz/public_html/Oronnomart/vendor/laravel/framework/src/Illuminate/Pipeline/Pipeline.php(180): Illuminate\\Foundation\\Http\\Middleware\\ConvertEmptyStringsToNull->handle()
#49 /home1/demo4axiz/public_html/Oronnomart/vendor/laravel/framework/src/Illuminate/Foundation/Http/Middleware/TransformsRequest.php(21): Illuminate\\Pipeline\\Pipeline->Illuminate\\Pipeline\\{closure}()
#50 /home1/demo4axiz/public_html/Oronnomart/vendor/laravel/framework/src/Illuminate/Foundation/Http/Middleware/TrimStrings.php(40): Illuminate\\Foundation\\Http\\Middleware\\TransformsRequest->handle()
#51 /home1/demo4axiz/public_html/Oronnomart/vendor/laravel/framework/src/Illuminate/Pipeline/Pipeline.php(180): Illuminate\\Foundation\\Http\\Middleware\\TrimStrings->handle()
#52 /home1/demo4axiz/public_html/Oronnomart/vendor/laravel/framework/src/Illuminate/Foundation/Http/Middleware/ValidatePostSize.php(27): Illuminate\\Pipeline\\Pipeline->Illuminate\\Pipeline\\{closure}()
#53 /home1/demo4axiz/public_html/Oronnomart/vendor/laravel/framework/src/Illuminate/Pipeline/Pipeline.php(180): Illuminate\\Foundation\\Http\\Middleware\\ValidatePostSize->handle()
#54 /home1/demo4axiz/public_html/Oronnomart/vendor/laravel/framework/src/Illuminate/Pipeline/Pipeline.php(116): Illuminate\\Pipeline\\Pipeline->Illuminate\\Pipeline\\{closure}()
#55 /home1/demo4axiz/public_html/Oronnomart/vendor/laravel/framework/src/Illuminate/Foundation/Http/Kernel.php(165): Illuminate\\Pipeline\\Pipeline->then()
#56 /home1/demo4axiz/public_html/Oronnomart/vendor/laravel/framework/src/Illuminate/Foundation/Http/Kernel.php(134): Illuminate\\Foundation\\Http\\Kernel->sendRequestThroughRouter()
#57 /home1/demo4axiz/public_html/Oronnomart/index.php(57): Illuminate\\Foundation\\Http\\Kernel->handle()
#58 {main}
"} 
[2024-12-03 15:03:30] local.ERROR: file_put_contents(/home1/demo4axiz/public_html/Oronnomart/storage/framework/cache/data/88/2a/882a8652501eff29a7cb268217a12644514aa19a): Failed to open stream: No such file or directory {"view":{"view":"/home1/demo4axiz/public_html/Oronnomart/resources/views/frontend/classic/partials/best_selling_section.blade.php","data":[]},"userId":9,"exception":"[object] (Spatie\\LaravelIgnition\\Exceptions\\ViewException(code: 0): file_put_contents(/home1/demo4axiz/public_html/Oronnomart/storage/framework/cache/data/88/2a/882a8652501eff29a7cb268217a12644514aa19a): Failed to open stream: No such file or directory at /home1/demo4axiz/public_html/Oronnomart/vendor/laravel/framework/src/Illuminate/Filesystem/Filesystem.php:190)
[stacktrace]
#0 /home1/demo4axiz/public_html/Oronnomart/vendor/laravel/framework/src/Illuminate/Foundation/Bootstrap/HandleExceptions.php(270): Illuminate\\Foundation\\Bootstrap\\HandleExceptions->handleError()
#1 [internal function]: Illuminate\\Foundation\\Bootstrap\\HandleExceptions->Illuminate\\Foundation\\Bootstrap\\{closure}()
#2 /home1/demo4axiz/public_html/Oronnomart/vendor/laravel/framework/src/Illuminate/Filesystem/Filesystem.php(190): file_put_contents()
#3 /home1/demo4axiz/public_html/Oronnomart/vendor/laravel/framework/src/Illuminate/Cache/FileStore.php(77): Illuminate\\Filesystem\\Filesystem->put()
#4 /home1/demo4axiz/public_html/Oronnomart/vendor/laravel/framework/src/Illuminate/Cache/FileStore.php(200): Illuminate\\Cache\\FileStore->put()
#5 /home1/demo4axiz/public_html/Oronnomart/vendor/laravel/framework/src/Illuminate/Cache/Repository.php(367): Illuminate\\Cache\\FileStore->forever()
#6 /home1/demo4axiz/public_html/Oronnomart/vendor/laravel/framework/src/Illuminate/Cache/Repository.php(438): Illuminate\\Cache\\Repository->forever()
#7 /home1/demo4axiz/public_html/Oronnomart/vendor/laravel/framework/src/Illuminate/Cache/CacheManager.php(408): Illuminate\\Cache\\Repository->rememberForever()
#8 /home1/demo4axiz/public_html/Oronnomart/vendor/laravel/framework/src/Illuminate/Support/Facades/Facade.php(338): Illuminate\\Cache\\CacheManager->__call()
#9 /home1/demo4axiz/public_html/Oronnomart/app/Http/Helpers.php(165): Illuminate\\Support\\Facades\\Facade::__callStatic()
#10 /home1/demo4axiz/public_html/Oronnomart/app/Http/Helpers.php(137): verified_sellers_id()
#11 /home1/demo4axiz/public_html/Oronnomart/app/Http/Helpers.php(1759): filter_products()
#12 /home1/demo4axiz/public_html/Oronnomart/resources/views/frontend/classic/partials/best_selling_section.blade.php(1): get_best_selling_products()
#13 /home1/demo4axiz/public_html/Oronnomart/vendor/laravel/framework/src/Illuminate/Filesystem/Filesystem.php(109): require('/home1/demo4axi...')
#14 /home1/demo4axiz/public_html/Oronnomart/vendor/laravel/framework/src/Illuminate/Filesystem/Filesystem.php(110): Illuminate\\Filesystem\\Filesystem::Illuminate\\Filesystem\\{closure}()
#15 /home1/demo4axiz/public_html/Oronnomart/vendor/laravel/framework/src/Illuminate/View/Engines/PhpEngine.php(58): Illuminate\\Filesystem\\Filesystem->getRequire()
#16 /home1/demo4axiz/public_html/Oronnomart/vendor/laravel/framework/src/Illuminate/View/Engines/CompilerEngine.php(70): Illuminate\\View\\Engines\\PhpEngine->evaluatePath()
#17 /home1/demo4axiz/public_html/Oronnomart/vendor/laravel/framework/src/Illuminate/View/View.php(195): Illuminate\\View\\Engines\\CompilerEngine->get()
#18 /home1/demo4axiz/public_html/Oronnomart/vendor/laravel/framework/src/Illuminate/View/View.php(178): Illuminate\\View\\View->getContents()
#19 /home1/demo4axiz/public_html/Oronnomart/vendor/laravel/framework/src/Illuminate/View/View.php(147): Illuminate\\View\\View->renderContents()
#20 /home1/demo4axiz/public_html/Oronnomart/vendor/laravel/framework/src/Illuminate/Http/Response.php(69): Illuminate\\View\\View->render()
#21 /home1/demo4axiz/public_html/Oronnomart/vendor/laravel/framework/src/Illuminate/Http/Response.php(35): Illuminate\\Http\\Response->setContent()
#22 /home1/demo4axiz/public_html/Oronnomart/vendor/laravel/framework/src/Illuminate/Routing/Router.php(906): Illuminate\\Http\\Response->__construct()
#23 /home1/demo4axiz/public_html/Oronnomart/vendor/laravel/framework/src/Illuminate/Routing/Router.php(875): Illuminate\\Routing\\Router::toResponse()
#24 /home1/demo4axiz/public_html/Oronnomart/vendor/laravel/framework/src/Illuminate/Routing/Router.php(798): Illuminate\\Routing\\Router->prepareResponse()
#25 /home1/demo4axiz/public_html/Oronnomart/vendor/laravel/framework/src/Illuminate/Pipeline/Pipeline.php(141): Illuminate\\Routing\\Router->Illuminate\\Routing\\{closure}()
#26 /home1/demo4axiz/public_html/Oronnomart/app/Http/Middleware/CheckForMaintenanceMode.php(64): Illuminate\\Pipeline\\Pipeline->Illuminate\\Pipeline\\{closure}()
#27 /home1/demo4axiz/public_html/Oronnomart/vendor/laravel/framework/src/Illuminate/Pipeline/Pipeline.php(180): App\\Http\\Middleware\\CheckForMaintenanceMode->handle()
#28 /home1/demo4axiz/public_html/Oronnomart/app/Http/Middleware/HttpsProtocol.php(20): Illuminate\\Pipeline\\Pipeline->Illuminate\\Pipeline\\{closure}()
#29 /home1/demo4axiz/public_html/Oronnomart/vendor/laravel/framework/src/Illuminate/Pipeline/Pipeline.php(180): App\\Http\\Middleware\\HttpsProtocol->handle()
#30 /home1/demo4axiz/public_html/Oronnomart/app/Http/Middleware/Language.php(35): Illuminate\\Pipeline\\Pipeline->Illuminate\\Pipeline\\{closure}()
#31 /home1/demo4axiz/public_html/Oronnomart/vendor/laravel/framework/src/Illuminate/Pipeline/Pipeline.php(180): App\\Http\\Middleware\\Language->handle()
#32 /home1/demo4axiz/public_html/Oronnomart/vendor/laravel/framework/src/Illuminate/Routing/Middleware/SubstituteBindings.php(50): Illuminate\\Pipeline\\Pipeline->Illuminate\\Pipeline\\{closure}()
#33 /home1/demo4axiz/public_html/Oronnomart/vendor/laravel/framework/src/Illuminate/Pipeline/Pipeline.php(180): Illuminate\\Routing\\Middleware\\SubstituteBindings->handle()
#34 /home1/demo4axiz/public_html/Oronnomart/vendor/laravel/framework/src/Illuminate/Foundation/Http/Middleware/VerifyCsrfToken.php(78): Illuminate\\Pipeline\\Pipeline->Illuminate\\Pipeline\\{closure}()
#35 /home1/demo4axiz/public_html/Oronnomart/vendor/laravel/framework/src/Illuminate/Pipeline/Pipeline.php(180): Illuminate\\Foundation\\Http\\Middleware\\VerifyCsrfToken->handle()
#36 /home1/demo4axiz/public_html/Oronnomart/vendor/laravel/framework/src/Illuminate/Cookie/Middleware/AddQueuedCookiesToResponse.php(37): Illuminate\\Pipeline\\Pipeline->Illuminate\\Pipeline\\{closure}()
#37 /home1/demo4axiz/public_html/Oronnomart/vendor/laravel/framework/src/Illuminate/Pipeline/Pipeline.php(180): Illuminate\\Cookie\\Middleware\\AddQueuedCookiesToResponse->handle()
#38 /home1/demo4axiz/public_html/Oronnomart/vendor/laravel/framework/src/Illuminate/Pipeline/Pipeline.php(116): Illuminate\\Pipeline\\Pipeline->Illuminate\\Pipeline\\{closure}()
#39 /home1/demo4axiz/public_html/Oronnomart/vendor/laravel/framework/src/Illuminate/Routing/Router.php(799): Illuminate\\Pipeline\\Pipeline->then()
#40 /home1/demo4axiz/public_html/Oronnomart/vendor/laravel/framework/src/Illuminate/Routing/Router.php(776): Illuminate\\Routing\\Router->runRouteWithinStack()
#41 /home1/demo4axiz/public_html/Oronnomart/vendor/laravel/framework/src/Illuminate/Routing/Router.php(740): Illuminate\\Routing\\Router->runRoute()
#42 /home1/demo4axiz/public_html/Oronnomart/vendor/laravel/framework/src/Illuminate/Routing/Router.php(729): Illuminate\\Routing\\Router->dispatchToRoute()
#43 /home1/demo4axiz/public_html/Oronnomart/vendor/laravel/framework/src/Illuminate/Foundation/Http/Kernel.php(190): Illuminate\\Routing\\Router->dispatch()
#44 /home1/demo4axiz/public_html/Oronnomart/vendor/laravel/framework/src/Illuminate/Pipeline/Pipeline.php(141): Illuminate\\Foundation\\Http\\Kernel->Illuminate\\Foundation\\Http\\{closure}()
#45 /home1/demo4axiz/public_html/Oronnomart/vendor/barryvdh/laravel-debugbar/src/Middleware/InjectDebugbar.php(59): Illuminate\\Pipeline\\Pipeline->Illuminate\\Pipeline\\{closure}()
#46 /home1/demo4axiz/public_html/Oronnomart/vendor/laravel/framework/src/Illuminate/Pipeline/Pipeline.php(180): Barryvdh\\Debugbar\\Middleware\\InjectDebugbar->handle()
#47 /home1/demo4axiz/public_html/Oronnomart/vendor/laravel/framework/src/Illuminate/View/Middleware/ShareErrorsFromSession.php(49): Illuminate\\Pipeline\\Pipeline->Illuminate\\Pipeline\\{closure}()
#48 /home1/demo4axiz/public_html/Oronnomart/vendor/laravel/framework/src/Illuminate/Pipeline/Pipeline.php(180): Illuminate\\View\\Middleware\\ShareErrorsFromSession->handle()
#49 /home1/demo4axiz/public_html/Oronnomart/vendor/laravel/framework/src/Illuminate/Session/Middleware/StartSession.php(121): Illuminate\\Pipeline\\Pipeline->Illuminate\\Pipeline\\{closure}()
#50 /home1/demo4axiz/public_html/Oronnomart/vendor/laravel/framework/src/Illuminate/Session/Middleware/StartSession.php(64): Illuminate\\Session\\Middleware\\StartSession->handleStatefulRequest()
#51 /home1/demo4axiz/public_html/Oronnomart/vendor/laravel/framework/src/Illuminate/Pipeline/Pipeline.php(180): Illuminate\\Session\\Middleware\\StartSession->handle()
#52 /home1/demo4axiz/public_html/Oronnomart/vendor/laravel/framework/src/Illuminate/Http/Middleware/TrustProxies.php(39): Illuminate\\Pipeline\\Pipeline->Illuminate\\Pipeline\\{closure}()
#53 /home1/demo4axiz/public_html/Oronnomart/vendor/laravel/framework/src/Illuminate/Pipeline/Pipeline.php(180): Illuminate\\Http\\Middleware\\TrustProxies->handle()
#54 /home1/demo4axiz/public_html/Oronnomart/vendor/laravel/framework/src/Illuminate/Foundation/Http/Middleware/TransformsRequest.php(21): Illuminate\\Pipeline\\Pipeline->Illuminate\\Pipeline\\{closure}()
#55 /home1/demo4axiz/public_html/Oronnomart/vendor/laravel/framework/src/Illuminate/Foundation/Http/Middleware/ConvertEmptyStringsToNull.php(31): Illuminate\\Foundation\\Http\\Middleware\\TransformsRequest->handle()
#56 /home1/demo4axiz/public_html/Oronnomart/vendor/laravel/framework/src/Illuminate/Pipeline/Pipeline.php(180): Illuminate\\Foundation\\Http\\Middleware\\ConvertEmptyStringsToNull->handle()
#57 /home1/demo4axiz/public_html/Oronnomart/vendor/laravel/framework/src/Illuminate/Foundation/Http/Middleware/TransformsRequest.php(21): Illuminate\\Pipeline\\Pipeline->Illuminate\\Pipeline\\{closure}()
#58 /home1/demo4axiz/public_html/Oronnomart/vendor/laravel/framework/src/Illuminate/Foundation/Http/Middleware/TrimStrings.php(40): Illuminate\\Foundation\\Http\\Middleware\\TransformsRequest->handle()
#59 /home1/demo4axiz/public_html/Oronnomart/vendor/laravel/framework/src/Illuminate/Pipeline/Pipeline.php(180): Illuminate\\Foundation\\Http\\Middleware\\TrimStrings->handle()
#60 /home1/demo4axiz/public_html/Oronnomart/vendor/laravel/framework/src/Illuminate/Foundation/Http/Middleware/ValidatePostSize.php(27): Illuminate\\Pipeline\\Pipeline->Illuminate\\Pipeline\\{closure}()
#61 /home1/demo4axiz/public_html/Oronnomart/vendor/laravel/framework/src/Illuminate/Pipeline/Pipeline.php(180): Illuminate\\Foundation\\Http\\Middleware\\ValidatePostSize->handle()
#62 /home1/demo4axiz/public_html/Oronnomart/vendor/laravel/framework/src/Illuminate/Pipeline/Pipeline.php(116): Illuminate\\Pipeline\\Pipeline->Illuminate\\Pipeline\\{closure}()
#63 /home1/demo4axiz/public_html/Oronnomart/vendor/laravel/framework/src/Illuminate/Foundation/Http/Kernel.php(165): Illuminate\\Pipeline\\Pipeline->then()
#64 /home1/demo4axiz/public_html/Oronnomart/vendor/laravel/framework/src/Illuminate/Foundation/Http/Kernel.php(134): Illuminate\\Foundation\\Http\\Kernel->sendRequestThroughRouter()
#65 /home1/demo4axiz/public_html/Oronnomart/index.php(57): Illuminate\\Foundation\\Http\\Kernel->handle()
#66 {main}

[previous exception] [object] (ErrorException(code: 0): file_put_contents(/home1/demo4axiz/public_html/Oronnomart/storage/framework/cache/data/88/2a/882a8652501eff29a7cb268217a12644514aa19a): Failed to open stream: No such file or directory at /home1/demo4axiz/public_html/Oronnomart/vendor/laravel/framework/src/Illuminate/Filesystem/Filesystem.php:190)
[stacktrace]
#0 /home1/demo4axiz/public_html/Oronnomart/vendor/laravel/framework/src/Illuminate/Foundation/Bootstrap/HandleExceptions.php(270): Illuminate\\Foundation\\Bootstrap\\HandleExceptions->handleError()
#1 [internal function]: Illuminate\\Foundation\\Bootstrap\\HandleExceptions->Illuminate\\Foundation\\Bootstrap\\{closure}()
#2 /home1/demo4axiz/public_html/Oronnomart/vendor/laravel/framework/src/Illuminate/Filesystem/Filesystem.php(190): file_put_contents()
#3 /home1/demo4axiz/public_html/Oronnomart/vendor/laravel/framework/src/Illuminate/Cache/FileStore.php(77): Illuminate\\Filesystem\\Filesystem->put()
#4 /home1/demo4axiz/public_html/Oronnomart/vendor/laravel/framework/src/Illuminate/Cache/FileStore.php(200): Illuminate\\Cache\\FileStore->put()
#5 /home1/demo4axiz/public_html/Oronnomart/vendor/laravel/framework/src/Illuminate/Cache/Repository.php(367): Illuminate\\Cache\\FileStore->forever()
#6 /home1/demo4axiz/public_html/Oronnomart/vendor/laravel/framework/src/Illuminate/Cache/Repository.php(438): Illuminate\\Cache\\Repository->forever()
#7 /home1/demo4axiz/public_html/Oronnomart/vendor/laravel/framework/src/Illuminate/Cache/CacheManager.php(408): Illuminate\\Cache\\Repository->rememberForever()
#8 /home1/demo4axiz/public_html/Oronnomart/vendor/laravel/framework/src/Illuminate/Support/Facades/Facade.php(338): Illuminate\\Cache\\CacheManager->__call()
#9 /home1/demo4axiz/public_html/Oronnomart/app/Http/Helpers.php(165): Illuminate\\Support\\Facades\\Facade::__callStatic()
#10 /home1/demo4axiz/public_html/Oronnomart/app/Http/Helpers.php(137): verified_sellers_id()
#11 /home1/demo4axiz/public_html/Oronnomart/app/Http/Helpers.php(1759): filter_products()
#12 /home1/demo4axiz/public_html/Oronnomart/storage/framework/views/c8a5ba022c9cf594ad01b04fa1cb21c1f69de1f4.php(2): get_best_selling_products()
#13 /home1/demo4axiz/public_html/Oronnomart/vendor/laravel/framework/src/Illuminate/Filesystem/Filesystem.php(109): require('/home1/demo4axi...')
#14 /home1/demo4axiz/public_html/Oronnomart/vendor/laravel/framework/src/Illuminate/Filesystem/Filesystem.php(110): Illuminate\\Filesystem\\Filesystem::Illuminate\\Filesystem\\{closure}()
#15 /home1/demo4axiz/public_html/Oronnomart/vendor/laravel/framework/src/Illuminate/View/Engines/PhpEngine.php(58): Illuminate\\Filesystem\\Filesystem->getRequire()
#16 /home1/demo4axiz/public_html/Oronnomart/vendor/laravel/framework/src/Illuminate/View/Engines/CompilerEngine.php(70): Illuminate\\View\\Engines\\PhpEngine->evaluatePath()
#17 /home1/demo4axiz/public_html/Oronnomart/vendor/laravel/framework/src/Illuminate/View/View.php(195): Illuminate\\View\\Engines\\CompilerEngine->get()
#18 /home1/demo4axiz/public_html/Oronnomart/vendor/laravel/framework/src/Illuminate/View/View.php(178): Illuminate\\View\\View->getContents()
#19 /home1/demo4axiz/public_html/Oronnomart/vendor/laravel/framework/src/Illuminate/View/View.php(147): Illuminate\\View\\View->renderContents()
#20 /home1/demo4axiz/public_html/Oronnomart/vendor/laravel/framework/src/Illuminate/Http/Response.php(69): Illuminate\\View\\View->render()
#21 /home1/demo4axiz/public_html/Oronnomart/vendor/laravel/framework/src/Illuminate/Http/Response.php(35): Illuminate\\Http\\Response->setContent()
#22 /home1/demo4axiz/public_html/Oronnomart/vendor/laravel/framework/src/Illuminate/Routing/Router.php(906): Illuminate\\Http\\Response->__construct()
#23 /home1/demo4axiz/public_html/Oronnomart/vendor/laravel/framework/src/Illuminate/Routing/Router.php(875): Illuminate\\Routing\\Router::toResponse()
#24 /home1/demo4axiz/public_html/Oronnomart/vendor/laravel/framework/src/Illuminate/Routing/Router.php(798): Illuminate\\Routing\\Router->prepareResponse()
#25 /home1/demo4axiz/public_html/Oronnomart/vendor/laravel/framework/src/Illuminate/Pipeline/Pipeline.php(141): Illuminate\\Routing\\Router->Illuminate\\Routing\\{closure}()
#26 /home1/demo4axiz/public_html/Oronnomart/app/Http/Middleware/CheckForMaintenanceMode.php(64): Illuminate\\Pipeline\\Pipeline->Illuminate\\Pipeline\\{closure}()
#27 /home1/demo4axiz/public_html/Oronnomart/vendor/laravel/framework/src/Illuminate/Pipeline/Pipeline.php(180): App\\Http\\Middleware\\CheckForMaintenanceMode->handle()
#28 /home1/demo4axiz/public_html/Oronnomart/app/Http/Middleware/HttpsProtocol.php(20): Illuminate\\Pipeline\\Pipeline->Illuminate\\Pipeline\\{closure}()
#29 /home1/demo4axiz/public_html/Oronnomart/vendor/laravel/framework/src/Illuminate/Pipeline/Pipeline.php(180): App\\Http\\Middleware\\HttpsProtocol->handle()
#30 /home1/demo4axiz/public_html/Oronnomart/app/Http/Middleware/Language.php(35): Illuminate\\Pipeline\\Pipeline->Illuminate\\Pipeline\\{closure}()
#31 /home1/demo4axiz/public_html/Oronnomart/vendor/laravel/framework/src/Illuminate/Pipeline/Pipeline.php(180): App\\Http\\Middleware\\Language->handle()
#32 /home1/demo4axiz/public_html/Oronnomart/vendor/laravel/framework/src/Illuminate/Routing/Middleware/SubstituteBindings.php(50): Illuminate\\Pipeline\\Pipeline->Illuminate\\Pipeline\\{closure}()
#33 /home1/demo4axiz/public_html/Oronnomart/vendor/laravel/framework/src/Illuminate/Pipeline/Pipeline.php(180): Illuminate\\Routing\\Middleware\\SubstituteBindings->handle()
#34 /home1/demo4axiz/public_html/Oronnomart/vendor/laravel/framework/src/Illuminate/Foundation/Http/Middleware/VerifyCsrfToken.php(78): Illuminate\\Pipeline\\Pipeline->Illuminate\\Pipeline\\{closure}()
#35 /home1/demo4axiz/public_html/Oronnomart/vendor/laravel/framework/src/Illuminate/Pipeline/Pipeline.php(180): Illuminate\\Foundation\\Http\\Middleware\\VerifyCsrfToken->handle()
#36 /home1/demo4axiz/public_html/Oronnomart/vendor/laravel/framework/src/Illuminate/Cookie/Middleware/AddQueuedCookiesToResponse.php(37): Illuminate\\Pipeline\\Pipeline->Illuminate\\Pipeline\\{closure}()
#37 /home1/demo4axiz/public_html/Oronnomart/vendor/laravel/framework/src/Illuminate/Pipeline/Pipeline.php(180): Illuminate\\Cookie\\Middleware\\AddQueuedCookiesToResponse->handle()
#38 /home1/demo4axiz/public_html/Oronnomart/vendor/laravel/framework/src/Illuminate/Pipeline/Pipeline.php(116): Illuminate\\Pipeline\\Pipeline->Illuminate\\Pipeline\\{closure}()
#39 /home1/demo4axiz/public_html/Oronnomart/vendor/laravel/framework/src/Illuminate/Routing/Router.php(799): Illuminate\\Pipeline\\Pipeline->then()
#40 /home1/demo4axiz/public_html/Oronnomart/vendor/laravel/framework/src/Illuminate/Routing/Router.php(776): Illuminate\\Routing\\Router->runRouteWithinStack()
#41 /home1/demo4axiz/public_html/Oronnomart/vendor/laravel/framework/src/Illuminate/Routing/Router.php(740): Illuminate\\Routing\\Router->runRoute()
#42 /home1/demo4axiz/public_html/Oronnomart/vendor/laravel/framework/src/Illuminate/Routing/Router.php(729): Illuminate\\Routing\\Router->dispatchToRoute()
#43 /home1/demo4axiz/public_html/Oronnomart/vendor/laravel/framework/src/Illuminate/Foundation/Http/Kernel.php(190): Illuminate\\Routing\\Router->dispatch()
#44 /home1/demo4axiz/public_html/Oronnomart/vendor/laravel/framework/src/Illuminate/Pipeline/Pipeline.php(141): Illuminate\\Foundation\\Http\\Kernel->Illuminate\\Foundation\\Http\\{closure}()
#45 /home1/demo4axiz/public_html/Oronnomart/vendor/barryvdh/laravel-debugbar/src/Middleware/InjectDebugbar.php(59): Illuminate\\Pipeline\\Pipeline->Illuminate\\Pipeline\\{closure}()
#46 /home1/demo4axiz/public_html/Oronnomart/vendor/laravel/framework/src/Illuminate/Pipeline/Pipeline.php(180): Barryvdh\\Debugbar\\Middleware\\InjectDebugbar->handle()
#47 /home1/demo4axiz/public_html/Oronnomart/vendor/laravel/framework/src/Illuminate/View/Middleware/ShareErrorsFromSession.php(49): Illuminate\\Pipeline\\Pipeline->Illuminate\\Pipeline\\{closure}()
#48 /home1/demo4axiz/public_html/Oronnomart/vendor/laravel/framework/src/Illuminate/Pipeline/Pipeline.php(180): Illuminate\\View\\Middleware\\ShareErrorsFromSession->handle()
#49 /home1/demo4axiz/public_html/Oronnomart/vendor/laravel/framework/src/Illuminate/Session/Middleware/StartSession.php(121): Illuminate\\Pipeline\\Pipeline->Illuminate\\Pipeline\\{closure}()
#50 /home1/demo4axiz/public_html/Oronnomart/vendor/laravel/framework/src/Illuminate/Session/Middleware/StartSession.php(64): Illuminate\\Session\\Middleware\\StartSession->handleStatefulRequest()
#51 /home1/demo4axiz/public_html/Oronnomart/vendor/laravel/framework/src/Illuminate/Pipeline/Pipeline.php(180): Illuminate\\Session\\Middleware\\StartSession->handle()
#52 /home1/demo4axiz/public_html/Oronnomart/vendor/laravel/framework/src/Illuminate/Http/Middleware/TrustProxies.php(39): Illuminate\\Pipeline\\Pipeline->Illuminate\\Pipeline\\{closure}()
#53 /home1/demo4axiz/public_html/Oronnomart/vendor/laravel/framework/src/Illuminate/Pipeline/Pipeline.php(180): Illuminate\\Http\\Middleware\\TrustProxies->handle()
#54 /home1/demo4axiz/public_html/Oronnomart/vendor/laravel/framework/src/Illuminate/Foundation/Http/Middleware/TransformsRequest.php(21): Illuminate\\Pipeline\\Pipeline->Illuminate\\Pipeline\\{closure}()
#55 /home1/demo4axiz/public_html/Oronnomart/vendor/laravel/framework/src/Illuminate/Foundation/Http/Middleware/ConvertEmptyStringsToNull.php(31): Illuminate\\Foundation\\Http\\Middleware\\TransformsRequest->handle()
#56 /home1/demo4axiz/public_html/Oronnomart/vendor/laravel/framework/src/Illuminate/Pipeline/Pipeline.php(180): Illuminate\\Foundation\\Http\\Middleware\\ConvertEmptyStringsToNull->handle()
#57 /home1/demo4axiz/public_html/Oronnomart/vendor/laravel/framework/src/Illuminate/Foundation/Http/Middleware/TransformsRequest.php(21): Illuminate\\Pipeline\\Pipeline->Illuminate\\Pipeline\\{closure}()
#58 /home1/demo4axiz/public_html/Oronnomart/vendor/laravel/framework/src/Illuminate/Foundation/Http/Middleware/TrimStrings.php(40): Illuminate\\Foundation\\Http\\Middleware\\TransformsRequest->handle()
#59 /home1/demo4axiz/public_html/Oronnomart/vendor/laravel/framework/src/Illuminate/Pipeline/Pipeline.php(180): Illuminate\\Foundation\\Http\\Middleware\\TrimStrings->handle()
#60 /home1/demo4axiz/public_html/Oronnomart/vendor/laravel/framework/src/Illuminate/Foundation/Http/Middleware/ValidatePostSize.php(27): Illuminate\\Pipeline\\Pipeline->Illuminate\\Pipeline\\{closure}()
#61 /home1/demo4axiz/public_html/Oronnomart/vendor/laravel/framework/src/Illuminate/Pipeline/Pipeline.php(180): Illuminate\\Foundation\\Http\\Middleware\\ValidatePostSize->handle()
#62 /home1/demo4axiz/public_html/Oronnomart/vendor/laravel/framework/src/Illuminate/Pipeline/Pipeline.php(116): Illuminate\\Pipeline\\Pipeline->Illuminate\\Pipeline\\{closure}()
#63 /home1/demo4axiz/public_html/Oronnomart/vendor/laravel/framework/src/Illuminate/Foundation/Http/Kernel.php(165): Illuminate\\Pipeline\\Pipeline->then()
#64 /home1/demo4axiz/public_html/Oronnomart/vendor/laravel/framework/src/Illuminate/Foundation/Http/Kernel.php(134): Illuminate\\Foundation\\Http\\Kernel->sendRequestThroughRouter()
#65 /home1/demo4axiz/public_html/Oronnomart/index.php(57): Illuminate\\Foundation\\Http\\Kernel->handle()
#66 {main}
"} 
