[2024-11-12 16:35:09] local.ERROR: fopen(/home1/demo4axiz/public_html/cosmetics//public/assets/myText.txt): Failed to open stream: No such file or directory {"view":{"view":"/home1/demo4axiz/public_html/cosmetics/resources/views/frontend/inc/footer.blade.php","data":[]},"exception":"[object] (Spatie\\LaravelIgnition\\Exceptions\\ViewException(code: 0): fopen(/home1/demo4axiz/public_html/cosmetics//public/assets/myText.txt): Failed to open stream: No such file or directory at /home1/demo4axiz/public_html/cosmetics/resources/views/frontend/inc/footer.blade.php:537)
[stacktrace]
#0 /home1/demo4axiz/public_html/cosmetics/vendor/laravel/framework/src/Illuminate/Foundation/Bootstrap/HandleExceptions.php(270): Illuminate\\Foundation\\Bootstrap\\HandleExceptions->handleError()
#1 [internal function]: Illuminate\\Foundation\\Bootstrap\\HandleExceptions->Illuminate\\Foundation\\Bootstrap\\{closure}()
#2 /home1/demo4axiz/public_html/cosmetics/resources/views/frontend/inc/footer.blade.php(537): fopen()
#3 /home1/demo4axiz/public_html/cosmetics/vendor/laravel/framework/src/Illuminate/Filesystem/Filesystem.php(109): require('/home1/demo4axi...')
#4 /home1/demo4axiz/public_html/cosmetics/vendor/laravel/framework/src/Illuminate/Filesystem/Filesystem.php(110): Illuminate\\Filesystem\\Filesystem::Illuminate\\Filesystem\\{closure}()
#5 /home1/demo4axiz/public_html/cosmetics/vendor/laravel/framework/src/Illuminate/View/Engines/PhpEngine.php(58): Illuminate\\Filesystem\\Filesystem->getRequire()
#6 /home1/demo4axiz/public_html/cosmetics/vendor/laravel/framework/src/Illuminate/View/Engines/CompilerEngine.php(70): Illuminate\\View\\Engines\\PhpEngine->evaluatePath()
#7 /home1/demo4axiz/public_html/cosmetics/vendor/laravel/framework/src/Illuminate/View/View.php(195): Illuminate\\View\\Engines\\CompilerEngine->get()
#8 /home1/demo4axiz/public_html/cosmetics/vendor/laravel/framework/src/Illuminate/View/View.php(178): Illuminate\\View\\View->getContents()
#9 /home1/demo4axiz/public_html/cosmetics/vendor/laravel/framework/src/Illuminate/View/View.php(147): Illuminate\\View\\View->renderContents()
#10 /home1/demo4axiz/public_html/cosmetics/resources/views/frontend/layouts/app.blade.php(233): Illuminate\\View\\View->render()
#11 /home1/demo4axiz/public_html/cosmetics/vendor/laravel/framework/src/Illuminate/Filesystem/Filesystem.php(109): require('/home1/demo4axi...')
#12 /home1/demo4axiz/public_html/cosmetics/vendor/laravel/framework/src/Illuminate/Filesystem/Filesystem.php(110): Illuminate\\Filesystem\\Filesystem::Illuminate\\Filesystem\\{closure}()
#13 /home1/demo4axiz/public_html/cosmetics/vendor/laravel/framework/src/Illuminate/View/Engines/PhpEngine.php(58): Illuminate\\Filesystem\\Filesystem->getRequire()
#14 /home1/demo4axiz/public_html/cosmetics/vendor/laravel/framework/src/Illuminate/View/Engines/CompilerEngine.php(70): Illuminate\\View\\Engines\\PhpEngine->evaluatePath()
#15 /home1/demo4axiz/public_html/cosmetics/vendor/laravel/framework/src/Illuminate/View/View.php(195): Illuminate\\View\\Engines\\CompilerEngine->get()
#16 /home1/demo4axiz/public_html/cosmetics/vendor/laravel/framework/src/Illuminate/View/View.php(178): Illuminate\\View\\View->getContents()
#17 /home1/demo4axiz/public_html/cosmetics/vendor/laravel/framework/src/Illuminate/View/View.php(147): Illuminate\\View\\View->renderContents()
#18 /home1/demo4axiz/public_html/cosmetics/resources/views/frontend/reclassic/index.blade.php(704): Illuminate\\View\\View->render()
#19 /home1/demo4axiz/public_html/cosmetics/vendor/laravel/framework/src/Illuminate/Filesystem/Filesystem.php(109): require('/home1/demo4axi...')
#20 /home1/demo4axiz/public_html/cosmetics/vendor/laravel/framework/src/Illuminate/Filesystem/Filesystem.php(110): Illuminate\\Filesystem\\Filesystem::Illuminate\\Filesystem\\{closure}()
#21 /home1/demo4axiz/public_html/cosmetics/vendor/laravel/framework/src/Illuminate/View/Engines/PhpEngine.php(58): Illuminate\\Filesystem\\Filesystem->getRequire()
#22 /home1/demo4axiz/public_html/cosmetics/vendor/laravel/framework/src/Illuminate/View/Engines/CompilerEngine.php(70): Illuminate\\View\\Engines\\PhpEngine->evaluatePath()
#23 /home1/demo4axiz/public_html/cosmetics/vendor/laravel/framework/src/Illuminate/View/View.php(195): Illuminate\\View\\Engines\\CompilerEngine->get()
#24 /home1/demo4axiz/public_html/cosmetics/vendor/laravel/framework/src/Illuminate/View/View.php(178): Illuminate\\View\\View->getContents()
#25 /home1/demo4axiz/public_html/cosmetics/vendor/laravel/framework/src/Illuminate/View/View.php(147): Illuminate\\View\\View->renderContents()
#26 /home1/demo4axiz/public_html/cosmetics/vendor/laravel/framework/src/Illuminate/Http/Response.php(69): Illuminate\\View\\View->render()
#27 /home1/demo4axiz/public_html/cosmetics/vendor/laravel/framework/src/Illuminate/Http/Response.php(35): Illuminate\\Http\\Response->setContent()
#28 /home1/demo4axiz/public_html/cosmetics/vendor/laravel/framework/src/Illuminate/Routing/Router.php(906): Illuminate\\Http\\Response->__construct()
#29 /home1/demo4axiz/public_html/cosmetics/vendor/laravel/framework/src/Illuminate/Routing/Router.php(875): Illuminate\\Routing\\Router::toResponse()
#30 /home1/demo4axiz/public_html/cosmetics/vendor/laravel/framework/src/Illuminate/Routing/Router.php(798): Illuminate\\Routing\\Router->prepareResponse()
#31 /home1/demo4axiz/public_html/cosmetics/vendor/laravel/framework/src/Illuminate/Pipeline/Pipeline.php(141): Illuminate\\Routing\\Router->Illuminate\\Routing\\{closure}()
#32 /home1/demo4axiz/public_html/cosmetics/app/Http/Middleware/CheckForMaintenanceMode.php(64): Illuminate\\Pipeline\\Pipeline->Illuminate\\Pipeline\\{closure}()
#33 /home1/demo4axiz/public_html/cosmetics/vendor/laravel/framework/src/Illuminate/Pipeline/Pipeline.php(180): App\\Http\\Middleware\\CheckForMaintenanceMode->handle()
#34 /home1/demo4axiz/public_html/cosmetics/app/Http/Middleware/HttpsProtocol.php(20): Illuminate\\Pipeline\\Pipeline->Illuminate\\Pipeline\\{closure}()
#35 /home1/demo4axiz/public_html/cosmetics/vendor/laravel/framework/src/Illuminate/Pipeline/Pipeline.php(180): App\\Http\\Middleware\\HttpsProtocol->handle()
#36 /home1/demo4axiz/public_html/cosmetics/app/Http/Middleware/Language.php(35): Illuminate\\Pipeline\\Pipeline->Illuminate\\Pipeline\\{closure}()
#37 /home1/demo4axiz/public_html/cosmetics/vendor/laravel/framework/src/Illuminate/Pipeline/Pipeline.php(180): App\\Http\\Middleware\\Language->handle()
#38 /home1/demo4axiz/public_html/cosmetics/vendor/laravel/framework/src/Illuminate/Routing/Middleware/SubstituteBindings.php(50): Illuminate\\Pipeline\\Pipeline->Illuminate\\Pipeline\\{closure}()
#39 /home1/demo4axiz/public_html/cosmetics/vendor/laravel/framework/src/Illuminate/Pipeline/Pipeline.php(180): Illuminate\\Routing\\Middleware\\SubstituteBindings->handle()
#40 /home1/demo4axiz/public_html/cosmetics/vendor/laravel/framework/src/Illuminate/Foundation/Http/Middleware/VerifyCsrfToken.php(78): Illuminate\\Pipeline\\Pipeline->Illuminate\\Pipeline\\{closure}()
#41 /home1/demo4axiz/public_html/cosmetics/vendor/laravel/framework/src/Illuminate/Pipeline/Pipeline.php(180): Illuminate\\Foundation\\Http\\Middleware\\VerifyCsrfToken->handle()
#42 /home1/demo4axiz/public_html/cosmetics/vendor/laravel/framework/src/Illuminate/Cookie/Middleware/AddQueuedCookiesToResponse.php(37): Illuminate\\Pipeline\\Pipeline->Illuminate\\Pipeline\\{closure}()
#43 /home1/demo4axiz/public_html/cosmetics/vendor/laravel/framework/src/Illuminate/Pipeline/Pipeline.php(180): Illuminate\\Cookie\\Middleware\\AddQueuedCookiesToResponse->handle()
#44 /home1/demo4axiz/public_html/cosmetics/vendor/laravel/framework/src/Illuminate/Pipeline/Pipeline.php(116): Illuminate\\Pipeline\\Pipeline->Illuminate\\Pipeline\\{closure}()
#45 /home1/demo4axiz/public_html/cosmetics/vendor/laravel/framework/src/Illuminate/Routing/Router.php(799): Illuminate\\Pipeline\\Pipeline->then()
#46 /home1/demo4axiz/public_html/cosmetics/vendor/laravel/framework/src/Illuminate/Routing/Router.php(776): Illuminate\\Routing\\Router->runRouteWithinStack()
#47 /home1/demo4axiz/public_html/cosmetics/vendor/laravel/framework/src/Illuminate/Routing/Router.php(740): Illuminate\\Routing\\Router->runRoute()
#48 /home1/demo4axiz/public_html/cosmetics/vendor/laravel/framework/src/Illuminate/Routing/Router.php(729): Illuminate\\Routing\\Router->dispatchToRoute()
#49 /home1/demo4axiz/public_html/cosmetics/vendor/laravel/framework/src/Illuminate/Foundation/Http/Kernel.php(190): Illuminate\\Routing\\Router->dispatch()
#50 /home1/demo4axiz/public_html/cosmetics/vendor/laravel/framework/src/Illuminate/Pipeline/Pipeline.php(141): Illuminate\\Foundation\\Http\\Kernel->Illuminate\\Foundation\\Http\\{closure}()
#51 /home1/demo4axiz/public_html/cosmetics/vendor/barryvdh/laravel-debugbar/src/Middleware/InjectDebugbar.php(66): Illuminate\\Pipeline\\Pipeline->Illuminate\\Pipeline\\{closure}()
#52 /home1/demo4axiz/public_html/cosmetics/vendor/laravel/framework/src/Illuminate/Pipeline/Pipeline.php(180): Barryvdh\\Debugbar\\Middleware\\InjectDebugbar->handle()
#53 /home1/demo4axiz/public_html/cosmetics/vendor/laravel/framework/src/Illuminate/View/Middleware/ShareErrorsFromSession.php(49): Illuminate\\Pipeline\\Pipeline->Illuminate\\Pipeline\\{closure}()
#54 /home1/demo4axiz/public_html/cosmetics/vendor/laravel/framework/src/Illuminate/Pipeline/Pipeline.php(180): Illuminate\\View\\Middleware\\ShareErrorsFromSession->handle()
#55 /home1/demo4axiz/public_html/cosmetics/vendor/laravel/framework/src/Illuminate/Session/Middleware/StartSession.php(121): Illuminate\\Pipeline\\Pipeline->Illuminate\\Pipeline\\{closure}()
#56 /home1/demo4axiz/public_html/cosmetics/vendor/laravel/framework/src/Illuminate/Session/Middleware/StartSession.php(64): Illuminate\\Session\\Middleware\\StartSession->handleStatefulRequest()
#57 /home1/demo4axiz/public_html/cosmetics/vendor/laravel/framework/src/Illuminate/Pipeline/Pipeline.php(180): Illuminate\\Session\\Middleware\\StartSession->handle()
#58 /home1/demo4axiz/public_html/cosmetics/vendor/laravel/framework/src/Illuminate/Http/Middleware/TrustProxies.php(39): Illuminate\\Pipeline\\Pipeline->Illuminate\\Pipeline\\{closure}()
#59 /home1/demo4axiz/public_html/cosmetics/vendor/laravel/framework/src/Illuminate/Pipeline/Pipeline.php(180): Illuminate\\Http\\Middleware\\TrustProxies->handle()
#60 /home1/demo4axiz/public_html/cosmetics/vendor/laravel/framework/src/Illuminate/Foundation/Http/Middleware/TransformsRequest.php(21): Illuminate\\Pipeline\\Pipeline->Illuminate\\Pipeline\\{closure}()
#61 /home1/demo4axiz/public_html/cosmetics/vendor/laravel/framework/src/Illuminate/Foundation/Http/Middleware/ConvertEmptyStringsToNull.php(31): Illuminate\\Foundation\\Http\\Middleware\\TransformsRequest->handle()
#62 /home1/demo4axiz/public_html/cosmetics/vendor/laravel/framework/src/Illuminate/Pipeline/Pipeline.php(180): Illuminate\\Foundation\\Http\\Middleware\\ConvertEmptyStringsToNull->handle()
#63 /home1/demo4axiz/public_html/cosmetics/vendor/laravel/framework/src/Illuminate/Foundation/Http/Middleware/TransformsRequest.php(21): Illuminate\\Pipeline\\Pipeline->Illuminate\\Pipeline\\{closure}()
#64 /home1/demo4axiz/public_html/cosmetics/vendor/laravel/framework/src/Illuminate/Foundation/Http/Middleware/TrimStrings.php(40): Illuminate\\Foundation\\Http\\Middleware\\TransformsRequest->handle()
#65 /home1/demo4axiz/public_html/cosmetics/vendor/laravel/framework/src/Illuminate/Pipeline/Pipeline.php(180): Illuminate\\Foundation\\Http\\Middleware\\TrimStrings->handle()
#66 /home1/demo4axiz/public_html/cosmetics/vendor/laravel/framework/src/Illuminate/Foundation/Http/Middleware/ValidatePostSize.php(27): Illuminate\\Pipeline\\Pipeline->Illuminate\\Pipeline\\{closure}()
#67 /home1/demo4axiz/public_html/cosmetics/vendor/laravel/framework/src/Illuminate/Pipeline/Pipeline.php(180): Illuminate\\Foundation\\Http\\Middleware\\ValidatePostSize->handle()
#68 /home1/demo4axiz/public_html/cosmetics/vendor/laravel/framework/src/Illuminate/Pipeline/Pipeline.php(116): Illuminate\\Pipeline\\Pipeline->Illuminate\\Pipeline\\{closure}()
#69 /home1/demo4axiz/public_html/cosmetics/vendor/laravel/framework/src/Illuminate/Foundation/Http/Kernel.php(165): Illuminate\\Pipeline\\Pipeline->then()
#70 /home1/demo4axiz/public_html/cosmetics/vendor/laravel/framework/src/Illuminate/Foundation/Http/Kernel.php(134): Illuminate\\Foundation\\Http\\Kernel->sendRequestThroughRouter()
#71 /home1/demo4axiz/public_html/cosmetics/index.php(57): Illuminate\\Foundation\\Http\\Kernel->handle()
#72 {main}

[previous exception] [object] (ErrorException(code: 0): fopen(/home1/demo4axiz/public_html/cosmetics//public/assets/myText.txt): Failed to open stream: No such file or directory at /home1/demo4axiz/public_html/cosmetics/storage/framework/views/4a50e5d49cf187bdd4c1612eb50ab5575718bc39.php:569)
[stacktrace]
#0 /home1/demo4axiz/public_html/cosmetics/vendor/laravel/framework/src/Illuminate/Foundation/Bootstrap/HandleExceptions.php(270): Illuminate\\Foundation\\Bootstrap\\HandleExceptions->handleError()
#1 [internal function]: Illuminate\\Foundation\\Bootstrap\\HandleExceptions->Illuminate\\Foundation\\Bootstrap\\{closure}()
#2 /home1/demo4axiz/public_html/cosmetics/storage/framework/views/4a50e5d49cf187bdd4c1612eb50ab5575718bc39.php(569): fopen()
#3 /home1/demo4axiz/public_html/cosmetics/vendor/laravel/framework/src/Illuminate/Filesystem/Filesystem.php(109): require('/home1/demo4axi...')
#4 /home1/demo4axiz/public_html/cosmetics/vendor/laravel/framework/src/Illuminate/Filesystem/Filesystem.php(110): Illuminate\\Filesystem\\Filesystem::Illuminate\\Filesystem\\{closure}()
#5 /home1/demo4axiz/public_html/cosmetics/vendor/laravel/framework/src/Illuminate/View/Engines/PhpEngine.php(58): Illuminate\\Filesystem\\Filesystem->getRequire()
#6 /home1/demo4axiz/public_html/cosmetics/vendor/laravel/framework/src/Illuminate/View/Engines/CompilerEngine.php(70): Illuminate\\View\\Engines\\PhpEngine->evaluatePath()
#7 /home1/demo4axiz/public_html/cosmetics/vendor/laravel/framework/src/Illuminate/View/View.php(195): Illuminate\\View\\Engines\\CompilerEngine->get()
#8 /home1/demo4axiz/public_html/cosmetics/vendor/laravel/framework/src/Illuminate/View/View.php(178): Illuminate\\View\\View->getContents()
#9 /home1/demo4axiz/public_html/cosmetics/vendor/laravel/framework/src/Illuminate/View/View.php(147): Illuminate\\View\\View->renderContents()
#10 /home1/demo4axiz/public_html/cosmetics/storage/framework/views/578103ff1247812e4eb4370a367899cc1a682ad4.php(233): Illuminate\\View\\View->render()
#11 /home1/demo4axiz/public_html/cosmetics/vendor/laravel/framework/src/Illuminate/Filesystem/Filesystem.php(109): require('/home1/demo4axi...')
#12 /home1/demo4axiz/public_html/cosmetics/vendor/laravel/framework/src/Illuminate/Filesystem/Filesystem.php(110): Illuminate\\Filesystem\\Filesystem::Illuminate\\Filesystem\\{closure}()
#13 /home1/demo4axiz/public_html/cosmetics/vendor/laravel/framework/src/Illuminate/View/Engines/PhpEngine.php(58): Illuminate\\Filesystem\\Filesystem->getRequire()
#14 /home1/demo4axiz/public_html/cosmetics/vendor/laravel/framework/src/Illuminate/View/Engines/CompilerEngine.php(70): Illuminate\\View\\Engines\\PhpEngine->evaluatePath()
#15 /home1/demo4axiz/public_html/cosmetics/vendor/laravel/framework/src/Illuminate/View/View.php(195): Illuminate\\View\\Engines\\CompilerEngine->get()
#16 /home1/demo4axiz/public_html/cosmetics/vendor/laravel/framework/src/Illuminate/View/View.php(178): Illuminate\\View\\View->getContents()
#17 /home1/demo4axiz/public_html/cosmetics/vendor/laravel/framework/src/Illuminate/View/View.php(147): Illuminate\\View\\View->renderContents()
#18 /home1/demo4axiz/public_html/cosmetics/storage/framework/views/45789ec4edd827742f11d3808fa900f641be017f.php(710): Illuminate\\View\\View->render()
#19 /home1/demo4axiz/public_html/cosmetics/vendor/laravel/framework/src/Illuminate/Filesystem/Filesystem.php(109): require('/home1/demo4axi...')
#20 /home1/demo4axiz/public_html/cosmetics/vendor/laravel/framework/src/Illuminate/Filesystem/Filesystem.php(110): Illuminate\\Filesystem\\Filesystem::Illuminate\\Filesystem\\{closure}()
#21 /home1/demo4axiz/public_html/cosmetics/vendor/laravel/framework/src/Illuminate/View/Engines/PhpEngine.php(58): Illuminate\\Filesystem\\Filesystem->getRequire()
#22 /home1/demo4axiz/public_html/cosmetics/vendor/laravel/framework/src/Illuminate/View/Engines/CompilerEngine.php(70): Illuminate\\View\\Engines\\PhpEngine->evaluatePath()
#23 /home1/demo4axiz/public_html/cosmetics/vendor/laravel/framework/src/Illuminate/View/View.php(195): Illuminate\\View\\Engines\\CompilerEngine->get()
#24 /home1/demo4axiz/public_html/cosmetics/vendor/laravel/framework/src/Illuminate/View/View.php(178): Illuminate\\View\\View->getContents()
#25 /home1/demo4axiz/public_html/cosmetics/vendor/laravel/framework/src/Illuminate/View/View.php(147): Illuminate\\View\\View->renderContents()
#26 /home1/demo4axiz/public_html/cosmetics/vendor/laravel/framework/src/Illuminate/Http/Response.php(69): Illuminate\\View\\View->render()
#27 /home1/demo4axiz/public_html/cosmetics/vendor/laravel/framework/src/Illuminate/Http/Response.php(35): Illuminate\\Http\\Response->setContent()
#28 /home1/demo4axiz/public_html/cosmetics/vendor/laravel/framework/src/Illuminate/Routing/Router.php(906): Illuminate\\Http\\Response->__construct()
#29 /home1/demo4axiz/public_html/cosmetics/vendor/laravel/framework/src/Illuminate/Routing/Router.php(875): Illuminate\\Routing\\Router::toResponse()
#30 /home1/demo4axiz/public_html/cosmetics/vendor/laravel/framework/src/Illuminate/Routing/Router.php(798): Illuminate\\Routing\\Router->prepareResponse()
#31 /home1/demo4axiz/public_html/cosmetics/vendor/laravel/framework/src/Illuminate/Pipeline/Pipeline.php(141): Illuminate\\Routing\\Router->Illuminate\\Routing\\{closure}()
#32 /home1/demo4axiz/public_html/cosmetics/app/Http/Middleware/CheckForMaintenanceMode.php(64): Illuminate\\Pipeline\\Pipeline->Illuminate\\Pipeline\\{closure}()
#33 /home1/demo4axiz/public_html/cosmetics/vendor/laravel/framework/src/Illuminate/Pipeline/Pipeline.php(180): App\\Http\\Middleware\\CheckForMaintenanceMode->handle()
#34 /home1/demo4axiz/public_html/cosmetics/app/Http/Middleware/HttpsProtocol.php(20): Illuminate\\Pipeline\\Pipeline->Illuminate\\Pipeline\\{closure}()
#35 /home1/demo4axiz/public_html/cosmetics/vendor/laravel/framework/src/Illuminate/Pipeline/Pipeline.php(180): App\\Http\\Middleware\\HttpsProtocol->handle()
#36 /home1/demo4axiz/public_html/cosmetics/app/Http/Middleware/Language.php(35): Illuminate\\Pipeline\\Pipeline->Illuminate\\Pipeline\\{closure}()
#37 /home1/demo4axiz/public_html/cosmetics/vendor/laravel/framework/src/Illuminate/Pipeline/Pipeline.php(180): App\\Http\\Middleware\\Language->handle()
#38 /home1/demo4axiz/public_html/cosmetics/vendor/laravel/framework/src/Illuminate/Routing/Middleware/SubstituteBindings.php(50): Illuminate\\Pipeline\\Pipeline->Illuminate\\Pipeline\\{closure}()
#39 /home1/demo4axiz/public_html/cosmetics/vendor/laravel/framework/src/Illuminate/Pipeline/Pipeline.php(180): Illuminate\\Routing\\Middleware\\SubstituteBindings->handle()
#40 /home1/demo4axiz/public_html/cosmetics/vendor/laravel/framework/src/Illuminate/Foundation/Http/Middleware/VerifyCsrfToken.php(78): Illuminate\\Pipeline\\Pipeline->Illuminate\\Pipeline\\{closure}()
#41 /home1/demo4axiz/public_html/cosmetics/vendor/laravel/framework/src/Illuminate/Pipeline/Pipeline.php(180): Illuminate\\Foundation\\Http\\Middleware\\VerifyCsrfToken->handle()
#42 /home1/demo4axiz/public_html/cosmetics/vendor/laravel/framework/src/Illuminate/Cookie/Middleware/AddQueuedCookiesToResponse.php(37): Illuminate\\Pipeline\\Pipeline->Illuminate\\Pipeline\\{closure}()
#43 /home1/demo4axiz/public_html/cosmetics/vendor/laravel/framework/src/Illuminate/Pipeline/Pipeline.php(180): Illuminate\\Cookie\\Middleware\\AddQueuedCookiesToResponse->handle()
#44 /home1/demo4axiz/public_html/cosmetics/vendor/laravel/framework/src/Illuminate/Pipeline/Pipeline.php(116): Illuminate\\Pipeline\\Pipeline->Illuminate\\Pipeline\\{closure}()
#45 /home1/demo4axiz/public_html/cosmetics/vendor/laravel/framework/src/Illuminate/Routing/Router.php(799): Illuminate\\Pipeline\\Pipeline->then()
#46 /home1/demo4axiz/public_html/cosmetics/vendor/laravel/framework/src/Illuminate/Routing/Router.php(776): Illuminate\\Routing\\Router->runRouteWithinStack()
#47 /home1/demo4axiz/public_html/cosmetics/vendor/laravel/framework/src/Illuminate/Routing/Router.php(740): Illuminate\\Routing\\Router->runRoute()
#48 /home1/demo4axiz/public_html/cosmetics/vendor/laravel/framework/src/Illuminate/Routing/Router.php(729): Illuminate\\Routing\\Router->dispatchToRoute()
#49 /home1/demo4axiz/public_html/cosmetics/vendor/laravel/framework/src/Illuminate/Foundation/Http/Kernel.php(190): Illuminate\\Routing\\Router->dispatch()
#50 /home1/demo4axiz/public_html/cosmetics/vendor/laravel/framework/src/Illuminate/Pipeline/Pipeline.php(141): Illuminate\\Foundation\\Http\\Kernel->Illuminate\\Foundation\\Http\\{closure}()
#51 /home1/demo4axiz/public_html/cosmetics/vendor/barryvdh/laravel-debugbar/src/Middleware/InjectDebugbar.php(66): Illuminate\\Pipeline\\Pipeline->Illuminate\\Pipeline\\{closure}()
#52 /home1/demo4axiz/public_html/cosmetics/vendor/laravel/framework/src/Illuminate/Pipeline/Pipeline.php(180): Barryvdh\\Debugbar\\Middleware\\InjectDebugbar->handle()
#53 /home1/demo4axiz/public_html/cosmetics/vendor/laravel/framework/src/Illuminate/View/Middleware/ShareErrorsFromSession.php(49): Illuminate\\Pipeline\\Pipeline->Illuminate\\Pipeline\\{closure}()
#54 /home1/demo4axiz/public_html/cosmetics/vendor/laravel/framework/src/Illuminate/Pipeline/Pipeline.php(180): Illuminate\\View\\Middleware\\ShareErrorsFromSession->handle()
#55 /home1/demo4axiz/public_html/cosmetics/vendor/laravel/framework/src/Illuminate/Session/Middleware/StartSession.php(121): Illuminate\\Pipeline\\Pipeline->Illuminate\\Pipeline\\{closure}()
#56 /home1/demo4axiz/public_html/cosmetics/vendor/laravel/framework/src/Illuminate/Session/Middleware/StartSession.php(64): Illuminate\\Session\\Middleware\\StartSession->handleStatefulRequest()
#57 /home1/demo4axiz/public_html/cosmetics/vendor/laravel/framework/src/Illuminate/Pipeline/Pipeline.php(180): Illuminate\\Session\\Middleware\\StartSession->handle()
#58 /home1/demo4axiz/public_html/cosmetics/vendor/laravel/framework/src/Illuminate/Http/Middleware/TrustProxies.php(39): Illuminate\\Pipeline\\Pipeline->Illuminate\\Pipeline\\{closure}()
#59 /home1/demo4axiz/public_html/cosmetics/vendor/laravel/framework/src/Illuminate/Pipeline/Pipeline.php(180): Illuminate\\Http\\Middleware\\TrustProxies->handle()
#60 /home1/demo4axiz/public_html/cosmetics/vendor/laravel/framework/src/Illuminate/Foundation/Http/Middleware/TransformsRequest.php(21): Illuminate\\Pipeline\\Pipeline->Illuminate\\Pipeline\\{closure}()
#61 /home1/demo4axiz/public_html/cosmetics/vendor/laravel/framework/src/Illuminate/Foundation/Http/Middleware/ConvertEmptyStringsToNull.php(31): Illuminate\\Foundation\\Http\\Middleware\\TransformsRequest->handle()
#62 /home1/demo4axiz/public_html/cosmetics/vendor/laravel/framework/src/Illuminate/Pipeline/Pipeline.php(180): Illuminate\\Foundation\\Http\\Middleware\\ConvertEmptyStringsToNull->handle()
#63 /home1/demo4axiz/public_html/cosmetics/vendor/laravel/framework/src/Illuminate/Foundation/Http/Middleware/TransformsRequest.php(21): Illuminate\\Pipeline\\Pipeline->Illuminate\\Pipeline\\{closure}()
#64 /home1/demo4axiz/public_html/cosmetics/vendor/laravel/framework/src/Illuminate/Foundation/Http/Middleware/TrimStrings.php(40): Illuminate\\Foundation\\Http\\Middleware\\TransformsRequest->handle()
#65 /home1/demo4axiz/public_html/cosmetics/vendor/laravel/framework/src/Illuminate/Pipeline/Pipeline.php(180): Illuminate\\Foundation\\Http\\Middleware\\TrimStrings->handle()
#66 /home1/demo4axiz/public_html/cosmetics/vendor/laravel/framework/src/Illuminate/Foundation/Http/Middleware/ValidatePostSize.php(27): Illuminate\\Pipeline\\Pipeline->Illuminate\\Pipeline\\{closure}()
#67 /home1/demo4axiz/public_html/cosmetics/vendor/laravel/framework/src/Illuminate/Pipeline/Pipeline.php(180): Illuminate\\Foundation\\Http\\Middleware\\ValidatePostSize->handle()
#68 /home1/demo4axiz/public_html/cosmetics/vendor/laravel/framework/src/Illuminate/Pipeline/Pipeline.php(116): Illuminate\\Pipeline\\Pipeline->Illuminate\\Pipeline\\{closure}()
#69 /home1/demo4axiz/public_html/cosmetics/vendor/laravel/framework/src/Illuminate/Foundation/Http/Kernel.php(165): Illuminate\\Pipeline\\Pipeline->then()
#70 /home1/demo4axiz/public_html/cosmetics/vendor/laravel/framework/src/Illuminate/Foundation/Http/Kernel.php(134): Illuminate\\Foundation\\Http\\Kernel->sendRequestThroughRouter()
#71 /home1/demo4axiz/public_html/cosmetics/index.php(57): Illuminate\\Foundation\\Http\\Kernel->handle()
#72 {main}
"} 
[2024-11-12 17:26:53] local.ERROR: file_put_contents(/home1/demo4axiz/public_html/cosmetics/storage/framework/cache/data/88/2a/882a8652501eff29a7cb268217a12644514aa19a): Failed to open stream: No such file or directory {"userId":9,"exception":"[object] (ErrorException(code: 0): file_put_contents(/home1/demo4axiz/public_html/cosmetics/storage/framework/cache/data/88/2a/882a8652501eff29a7cb268217a12644514aa19a): Failed to open stream: No such file or directory at /home1/demo4axiz/public_html/cosmetics/vendor/laravel/framework/src/Illuminate/Filesystem/Filesystem.php:190)
[stacktrace]
#0 /home1/demo4axiz/public_html/cosmetics/vendor/laravel/framework/src/Illuminate/Foundation/Bootstrap/HandleExceptions.php(270): Illuminate\\Foundation\\Bootstrap\\HandleExceptions->handleError()
#1 [internal function]: Illuminate\\Foundation\\Bootstrap\\HandleExceptions->Illuminate\\Foundation\\Bootstrap\\{closure}()
#2 /home1/demo4axiz/public_html/cosmetics/vendor/laravel/framework/src/Illuminate/Filesystem/Filesystem.php(190): file_put_contents()
#3 /home1/demo4axiz/public_html/cosmetics/vendor/laravel/framework/src/Illuminate/Cache/FileStore.php(77): Illuminate\\Filesystem\\Filesystem->put()
#4 /home1/demo4axiz/public_html/cosmetics/vendor/laravel/framework/src/Illuminate/Cache/FileStore.php(200): Illuminate\\Cache\\FileStore->put()
#5 /home1/demo4axiz/public_html/cosmetics/vendor/laravel/framework/src/Illuminate/Cache/Repository.php(367): Illuminate\\Cache\\FileStore->forever()
#6 /home1/demo4axiz/public_html/cosmetics/vendor/laravel/framework/src/Illuminate/Cache/Repository.php(438): Illuminate\\Cache\\Repository->forever()
#7 /home1/demo4axiz/public_html/cosmetics/vendor/laravel/framework/src/Illuminate/Cache/CacheManager.php(408): Illuminate\\Cache\\Repository->rememberForever()
#8 /home1/demo4axiz/public_html/cosmetics/vendor/laravel/framework/src/Illuminate/Support/Facades/Facade.php(338): Illuminate\\Cache\\CacheManager->__call()
#9 /home1/demo4axiz/public_html/cosmetics/app/Http/Helpers.php(165): Illuminate\\Support\\Facades\\Facade::__callStatic()
#10 /home1/demo4axiz/public_html/cosmetics/app/Http/Helpers.php(137): verified_sellers_id()
#11 /home1/demo4axiz/public_html/cosmetics/app/Http/Controllers/HomeController.php(57): filter_products()
#12 /home1/demo4axiz/public_html/cosmetics/vendor/laravel/framework/src/Illuminate/Routing/Controller.php(54): App\\Http\\Controllers\\HomeController->load_todays_deal_section()
#13 /home1/demo4axiz/public_html/cosmetics/vendor/laravel/framework/src/Illuminate/Routing/ControllerDispatcher.php(43): Illuminate\\Routing\\Controller->callAction()
#14 /home1/demo4axiz/public_html/cosmetics/vendor/laravel/framework/src/Illuminate/Routing/Route.php(260): Illuminate\\Routing\\ControllerDispatcher->dispatch()
#15 /home1/demo4axiz/public_html/cosmetics/vendor/laravel/framework/src/Illuminate/Routing/Route.php(205): Illuminate\\Routing\\Route->runController()
#16 /home1/demo4axiz/public_html/cosmetics/vendor/laravel/framework/src/Illuminate/Routing/Router.php(798): Illuminate\\Routing\\Route->run()
#17 /home1/demo4axiz/public_html/cosmetics/vendor/laravel/framework/src/Illuminate/Pipeline/Pipeline.php(141): Illuminate\\Routing\\Router->Illuminate\\Routing\\{closure}()
#18 /home1/demo4axiz/public_html/cosmetics/app/Http/Middleware/CheckForMaintenanceMode.php(64): Illuminate\\Pipeline\\Pipeline->Illuminate\\Pipeline\\{closure}()
#19 /home1/demo4axiz/public_html/cosmetics/vendor/laravel/framework/src/Illuminate/Pipeline/Pipeline.php(180): App\\Http\\Middleware\\CheckForMaintenanceMode->handle()
#20 /home1/demo4axiz/public_html/cosmetics/app/Http/Middleware/HttpsProtocol.php(20): Illuminate\\Pipeline\\Pipeline->Illuminate\\Pipeline\\{closure}()
#21 /home1/demo4axiz/public_html/cosmetics/vendor/laravel/framework/src/Illuminate/Pipeline/Pipeline.php(180): App\\Http\\Middleware\\HttpsProtocol->handle()
#22 /home1/demo4axiz/public_html/cosmetics/app/Http/Middleware/Language.php(35): Illuminate\\Pipeline\\Pipeline->Illuminate\\Pipeline\\{closure}()
#23 /home1/demo4axiz/public_html/cosmetics/vendor/laravel/framework/src/Illuminate/Pipeline/Pipeline.php(180): App\\Http\\Middleware\\Language->handle()
#24 /home1/demo4axiz/public_html/cosmetics/vendor/laravel/framework/src/Illuminate/Routing/Middleware/SubstituteBindings.php(50): Illuminate\\Pipeline\\Pipeline->Illuminate\\Pipeline\\{closure}()
#25 /home1/demo4axiz/public_html/cosmetics/vendor/laravel/framework/src/Illuminate/Pipeline/Pipeline.php(180): Illuminate\\Routing\\Middleware\\SubstituteBindings->handle()
#26 /home1/demo4axiz/public_html/cosmetics/vendor/laravel/framework/src/Illuminate/Foundation/Http/Middleware/VerifyCsrfToken.php(78): Illuminate\\Pipeline\\Pipeline->Illuminate\\Pipeline\\{closure}()
#27 /home1/demo4axiz/public_html/cosmetics/vendor/laravel/framework/src/Illuminate/Pipeline/Pipeline.php(180): Illuminate\\Foundation\\Http\\Middleware\\VerifyCsrfToken->handle()
#28 /home1/demo4axiz/public_html/cosmetics/vendor/laravel/framework/src/Illuminate/Cookie/Middleware/AddQueuedCookiesToResponse.php(37): Illuminate\\Pipeline\\Pipeline->Illuminate\\Pipeline\\{closure}()
#29 /home1/demo4axiz/public_html/cosmetics/vendor/laravel/framework/src/Illuminate/Pipeline/Pipeline.php(180): Illuminate\\Cookie\\Middleware\\AddQueuedCookiesToResponse->handle()
#30 /home1/demo4axiz/public_html/cosmetics/vendor/laravel/framework/src/Illuminate/Pipeline/Pipeline.php(116): Illuminate\\Pipeline\\Pipeline->Illuminate\\Pipeline\\{closure}()
#31 /home1/demo4axiz/public_html/cosmetics/vendor/laravel/framework/src/Illuminate/Routing/Router.php(799): Illuminate\\Pipeline\\Pipeline->then()
#32 /home1/demo4axiz/public_html/cosmetics/vendor/laravel/framework/src/Illuminate/Routing/Router.php(776): Illuminate\\Routing\\Router->runRouteWithinStack()
#33 /home1/demo4axiz/public_html/cosmetics/vendor/laravel/framework/src/Illuminate/Routing/Router.php(740): Illuminate\\Routing\\Router->runRoute()
#34 /home1/demo4axiz/public_html/cosmetics/vendor/laravel/framework/src/Illuminate/Routing/Router.php(729): Illuminate\\Routing\\Router->dispatchToRoute()
#35 /home1/demo4axiz/public_html/cosmetics/vendor/laravel/framework/src/Illuminate/Foundation/Http/Kernel.php(190): Illuminate\\Routing\\Router->dispatch()
#36 /home1/demo4axiz/public_html/cosmetics/vendor/laravel/framework/src/Illuminate/Pipeline/Pipeline.php(141): Illuminate\\Foundation\\Http\\Kernel->Illuminate\\Foundation\\Http\\{closure}()
#37 /home1/demo4axiz/public_html/cosmetics/vendor/barryvdh/laravel-debugbar/src/Middleware/InjectDebugbar.php(59): Illuminate\\Pipeline\\Pipeline->Illuminate\\Pipeline\\{closure}()
#38 /home1/demo4axiz/public_html/cosmetics/vendor/laravel/framework/src/Illuminate/Pipeline/Pipeline.php(180): Barryvdh\\Debugbar\\Middleware\\InjectDebugbar->handle()
#39 /home1/demo4axiz/public_html/cosmetics/vendor/laravel/framework/src/Illuminate/View/Middleware/ShareErrorsFromSession.php(49): Illuminate\\Pipeline\\Pipeline->Illuminate\\Pipeline\\{closure}()
#40 /home1/demo4axiz/public_html/cosmetics/vendor/laravel/framework/src/Illuminate/Pipeline/Pipeline.php(180): Illuminate\\View\\Middleware\\ShareErrorsFromSession->handle()
#41 /home1/demo4axiz/public_html/cosmetics/vendor/laravel/framework/src/Illuminate/Session/Middleware/StartSession.php(121): Illuminate\\Pipeline\\Pipeline->Illuminate\\Pipeline\\{closure}()
#42 /home1/demo4axiz/public_html/cosmetics/vendor/laravel/framework/src/Illuminate/Session/Middleware/StartSession.php(64): Illuminate\\Session\\Middleware\\StartSession->handleStatefulRequest()
#43 /home1/demo4axiz/public_html/cosmetics/vendor/laravel/framework/src/Illuminate/Pipeline/Pipeline.php(180): Illuminate\\Session\\Middleware\\StartSession->handle()
#44 /home1/demo4axiz/public_html/cosmetics/vendor/laravel/framework/src/Illuminate/Http/Middleware/TrustProxies.php(39): Illuminate\\Pipeline\\Pipeline->Illuminate\\Pipeline\\{closure}()
#45 /home1/demo4axiz/public_html/cosmetics/vendor/laravel/framework/src/Illuminate/Pipeline/Pipeline.php(180): Illuminate\\Http\\Middleware\\TrustProxies->handle()
#46 /home1/demo4axiz/public_html/cosmetics/vendor/laravel/framework/src/Illuminate/Foundation/Http/Middleware/TransformsRequest.php(21): Illuminate\\Pipeline\\Pipeline->Illuminate\\Pipeline\\{closure}()
#47 /home1/demo4axiz/public_html/cosmetics/vendor/laravel/framework/src/Illuminate/Foundation/Http/Middleware/ConvertEmptyStringsToNull.php(31): Illuminate\\Foundation\\Http\\Middleware\\TransformsRequest->handle()
#48 /home1/demo4axiz/public_html/cosmetics/vendor/laravel/framework/src/Illuminate/Pipeline/Pipeline.php(180): Illuminate\\Foundation\\Http\\Middleware\\ConvertEmptyStringsToNull->handle()
#49 /home1/demo4axiz/public_html/cosmetics/vendor/laravel/framework/src/Illuminate/Foundation/Http/Middleware/TransformsRequest.php(21): Illuminate\\Pipeline\\Pipeline->Illuminate\\Pipeline\\{closure}()
#50 /home1/demo4axiz/public_html/cosmetics/vendor/laravel/framework/src/Illuminate/Foundation/Http/Middleware/TrimStrings.php(40): Illuminate\\Foundation\\Http\\Middleware\\TransformsRequest->handle()
#51 /home1/demo4axiz/public_html/cosmetics/vendor/laravel/framework/src/Illuminate/Pipeline/Pipeline.php(180): Illuminate\\Foundation\\Http\\Middleware\\TrimStrings->handle()
#52 /home1/demo4axiz/public_html/cosmetics/vendor/laravel/framework/src/Illuminate/Foundation/Http/Middleware/ValidatePostSize.php(27): Illuminate\\Pipeline\\Pipeline->Illuminate\\Pipeline\\{closure}()
#53 /home1/demo4axiz/public_html/cosmetics/vendor/laravel/framework/src/Illuminate/Pipeline/Pipeline.php(180): Illuminate\\Foundation\\Http\\Middleware\\ValidatePostSize->handle()
#54 /home1/demo4axiz/public_html/cosmetics/vendor/laravel/framework/src/Illuminate/Pipeline/Pipeline.php(116): Illuminate\\Pipeline\\Pipeline->Illuminate\\Pipeline\\{closure}()
#55 /home1/demo4axiz/public_html/cosmetics/vendor/laravel/framework/src/Illuminate/Foundation/Http/Kernel.php(165): Illuminate\\Pipeline\\Pipeline->then()
#56 /home1/demo4axiz/public_html/cosmetics/vendor/laravel/framework/src/Illuminate/Foundation/Http/Kernel.php(134): Illuminate\\Foundation\\Http\\Kernel->sendRequestThroughRouter()
#57 /home1/demo4axiz/public_html/cosmetics/index.php(57): Illuminate\\Foundation\\Http\\Kernel->handle()
#58 {main}
"} 
